        -:    0:Source:/usr/include/c++/11/bits/move.h
        -:    1:// Move, forward and identity for C++11 + swap -*- C++ -*-
        -:    2:
        -:    3:// Copyright (C) 2007-2021 Free Software Foundation, Inc.
        -:    4://
        -:    5:// This file is part of the GNU ISO C++ Library.  This library is free
        -:    6:// software; you can redistribute it and/or modify it under the
        -:    7:// terms of the GNU General Public License as published by the
        -:    8:// Free Software Foundation; either version 3, or (at your option)
        -:    9:// any later version.
        -:   10:
        -:   11:// This library is distributed in the hope that it will be useful,
        -:   12:// but WITHOUT ANY WARRANTY; without even the implied warranty of
        -:   13:// MERCHANTABILITY or FITNESS FOR A PARTICULAR PURPOSE.  See the
        -:   14:// GNU General Public License for more details.
        -:   15:
        -:   16:// Under Section 7 of GPL version 3, you are granted additional
        -:   17:// permissions described in the GCC Runtime Library Exception, version
        -:   18:// 3.1, as published by the Free Software Foundation.
        -:   19:
        -:   20:// You should have received a copy of the GNU General Public License and
        -:   21:// a copy of the GCC Runtime Library Exception along with this program;
        -:   22:// see the files COPYING3 and COPYING.RUNTIME respectively.  If not, see
        -:   23:// <http://www.gnu.org/licenses/>.
        -:   24:
        -:   25:/** @file bits/move.h
        -:   26: *  This is an internal header file, included by other library headers.
        -:   27: *  Do not attempt to use it directly. @headername{utility}
        -:   28: */
        -:   29:
        -:   30:#ifndef _MOVE_H
        -:   31:#define _MOVE_H 1
        -:   32:
        -:   33:#include <bits/c++config.h>
        -:   34:#if __cplusplus < 201103L
        -:   35:# include <bits/concept_check.h>
        -:   36:#endif
        -:   37:
        -:   38:namespace std _GLIBCXX_VISIBILITY(default)
        -:   39:{
        -:   40:_GLIBCXX_BEGIN_NAMESPACE_VERSION
        -:   41:
        -:   42:  // Used, in C++03 mode too, by allocators, etc.
        -:   43:  /**
        -:   44:   *  @brief Same as C++11 std::addressof
        -:   45:   *  @ingroup utilities
        -:   46:   */
        -:   47:  template<typename _Tp>
        -:   48:    inline _GLIBCXX_CONSTEXPR _Tp*
   19438*:   49:    __addressof(_Tp& __r) _GLIBCXX_NOEXCEPT
   19438*:   50:    { return __builtin_addressof(__r); }
------------------
_ZSt11__addressofIKNSt8__detail11_AnyMatcherINSt7__cxx1112regex_traitsIcEELb1ELb0ELb0EEEEPT_RS7_:
    #####:   49:    __addressof(_Tp& __r) _GLIBCXX_NOEXCEPT
    #####:   50:    { return __builtin_addressof(__r); }
------------------
_ZSt11__addressofIPNSt8__detail15_Hash_node_baseEEPT_RS3_:
       19:   49:    __addressof(_Tp& __r) _GLIBCXX_NOEXCEPT
       19:   50:    { return __builtin_addressof(__r); }
------------------
_ZSt11__addressofINSt8__detail10_Hash_nodeISt4pairIKciELb0EEEEPT_RS6_:
      133:   49:    __addressof(_Tp& __r) _GLIBCXX_NOEXCEPT
      133:   50:    { return __builtin_addressof(__r); }
------------------
_ZSt11__addressofISt4pairIlSt6vectorINSt7__cxx119sub_matchIN9__gnu_cxx17__normal_iteratorIPKcNS2_12basic_stringIcSt11char_traitsIcESaIcEEEEEEESaISE_EEEEPT_RSI_:
    #####:   49:    __addressof(_Tp& __r) _GLIBCXX_NOEXCEPT
    #####:   50:    { return __builtin_addressof(__r); }
------------------
_ZSt11__addressofISaISt23_Sp_counted_ptr_inplaceINSt8__detail4_NFAINSt7__cxx1112regex_traitsIcEEEESaIS6_ELN9__gnu_cxx12_Lock_policyE2EEEEPT_RSC_:
       50:   49:    __addressof(_Tp& __r) _GLIBCXX_NOEXCEPT
       50:   50:    { return __builtin_addressof(__r); }
------------------
_ZSt11__addressofINSt7__cxx119sub_matchIN9__gnu_cxx17__normal_iteratorIPKcNS0_12basic_stringIcSt11char_traitsIcESaIcEEEEEEEEPT_RSD_:
      350:   49:    __addressof(_Tp& __r) _GLIBCXX_NOEXCEPT
      350:   50:    { return __builtin_addressof(__r); }
------------------
_ZSt11__addressofISt4pairIN9__gnu_cxx17__normal_iteratorIPKcNSt7__cxx1112basic_stringIcSt11char_traitsIcESaIcEEEEEiEEPT_RSD_:
     2250:   49:    __addressof(_Tp& __r) _GLIBCXX_NOEXCEPT
     2250:   50:    { return __builtin_addressof(__r); }
------------------
_ZSt11__addressofINSt8__detail6_StateIcEEEPT_RS3_:
    11775:   49:    __addressof(_Tp& __r) _GLIBCXX_NOEXCEPT
    11775:   50:    { return __builtin_addressof(__r); }
------------------
_ZSt11__addressofIKNSt8__detail11_AnyMatcherINSt7__cxx1112regex_traitsIcEELb0ELb0ELb0EEEEPT_RS7_:
    #####:   49:    __addressof(_Tp& __r) _GLIBCXX_NOEXCEPT
    #####:   50:    { return __builtin_addressof(__r); }
------------------
_ZSt11__addressofIKNSt8__detail11_AnyMatcherINSt7__cxx1112regex_traitsIcEELb0ELb0ELb1EEEEPT_RS7_:
    #####:   49:    __addressof(_Tp& __r) _GLIBCXX_NOEXCEPT
    #####:   50:    { return __builtin_addressof(__r); }
------------------
_ZSt11__addressofIKNSt8__detail11_AnyMatcherINSt7__cxx1112regex_traitsIcEELb0ELb1ELb0EEEEPT_RS7_:
    #####:   49:    __addressof(_Tp& __r) _GLIBCXX_NOEXCEPT
    #####:   50:    { return __builtin_addressof(__r); }
------------------
_ZSt11__addressofIKNSt8__detail11_AnyMatcherINSt7__cxx1112regex_traitsIcEELb0ELb1ELb1EEEEPT_RS7_:
    #####:   49:    __addressof(_Tp& __r) _GLIBCXX_NOEXCEPT
    #####:   50:    { return __builtin_addressof(__r); }
------------------
_ZSt11__addressofISt4pairIccEEPT_RS2_:
    #####:   49:    __addressof(_Tp& __r) _GLIBCXX_NOEXCEPT
    #####:   50:    { return __builtin_addressof(__r); }
------------------
_ZSt11__addressofIKNSt8__detail11_AnyMatcherINSt7__cxx1112regex_traitsIcEELb1ELb0ELb1EEEEPT_RS7_:
    #####:   49:    __addressof(_Tp& __r) _GLIBCXX_NOEXCEPT
    #####:   50:    { return __builtin_addressof(__r); }
------------------
_ZSt11__addressofIKNSt8__detail11_AnyMatcherINSt7__cxx1112regex_traitsIcEELb1ELb1ELb0EEEEPT_RS7_:
    #####:   49:    __addressof(_Tp& __r) _GLIBCXX_NOEXCEPT
    #####:   50:    { return __builtin_addressof(__r); }
------------------
_ZSt11__addressofIKNSt8__detail11_AnyMatcherINSt7__cxx1112regex_traitsIcEELb1ELb1ELb1EEEEPT_RS7_:
    #####:   49:    __addressof(_Tp& __r) _GLIBCXX_NOEXCEPT
    #####:   50:    { return __builtin_addressof(__r); }
------------------
_ZSt11__addressofIKNSt8__detail12_CharMatcherINSt7__cxx1112regex_traitsIcEELb0ELb0EEEEPT_RS7_:
      667:   49:    __addressof(_Tp& __r) _GLIBCXX_NOEXCEPT
      667:   50:    { return __builtin_addressof(__r); }
------------------
_ZSt11__addressofIKNSt8__detail12_CharMatcherINSt7__cxx1112regex_traitsIcEELb0ELb1EEEEPT_RS7_:
    #####:   49:    __addressof(_Tp& __r) _GLIBCXX_NOEXCEPT
    #####:   50:    { return __builtin_addressof(__r); }
------------------
_ZSt11__addressofIKNSt8__detail12_CharMatcherINSt7__cxx1112regex_traitsIcEELb1ELb0EEEEPT_RS7_:
    #####:   49:    __addressof(_Tp& __r) _GLIBCXX_NOEXCEPT
    #####:   50:    { return __builtin_addressof(__r); }
------------------
_ZSt11__addressofIKNSt8__detail12_CharMatcherINSt7__cxx1112regex_traitsIcEELb1ELb1EEEEPT_RS7_:
    #####:   49:    __addressof(_Tp& __r) _GLIBCXX_NOEXCEPT
    #####:   50:    { return __builtin_addressof(__r); }
------------------
_ZSt11__addressofINSt7__cxx1112basic_stringIcSt11char_traitsIcESaIcEEEEPT_RS6_:
     4194:   49:    __addressof(_Tp& __r) _GLIBCXX_NOEXCEPT
     4194:   50:    { return __builtin_addressof(__r); }
------------------
_ZSt11__addressofISt4pairINSt7__cxx1112basic_stringIcSt11char_traitsIcESaIcEEES6_EEPT_RS8_:
    #####:   49:    __addressof(_Tp& __r) _GLIBCXX_NOEXCEPT
    #####:   50:    { return __builtin_addressof(__r); }
------------------
_ZSt11__addressofINSt7__cxx1112regex_traitsIcE10_RegexMaskEEPT_RS4_:
    #####:   49:    __addressof(_Tp& __r) _GLIBCXX_NOEXCEPT
    #####:   50:    { return __builtin_addressof(__r); }
------------------
        -:   51:
        -:   52:#if __cplusplus >= 201103L
        -:   53:
        -:   54:_GLIBCXX_END_NAMESPACE_VERSION
        -:   55:} // namespace
        -:   56:
        -:   57:#include <type_traits> // Brings in std::declval too.
        -:   58:
        -:   59:namespace std _GLIBCXX_VISIBILITY(default)
        -:   60:{
        -:   61:_GLIBCXX_BEGIN_NAMESPACE_VERSION
        -:   62:
        -:   63:  /**
        -:   64:   *  @addtogroup utilities
        -:   65:   *  @{
        -:   66:   */
        -:   67:
        -:   68:  /**
        -:   69:   *  @brief  Forward an lvalue.
        -:   70:   *  @return The parameter cast to the specified type.
        -:   71:   *
        -:   72:   *  This function is used to implement "perfect forwarding".
        -:   73:   */
        -:   74:  template<typename _Tp>
        -:   75:    _GLIBCXX_NODISCARD
        -:   76:    constexpr _Tp&&
   34512*:   77:    forward(typename std::remove_reference<_Tp>::type& __t) noexcept
   34512*:   78:    { return static_cast<_Tp&&>(__t); }
------------------
_ZSt7forwardINSt8__detail12_CharMatcherINSt7__cxx1112regex_traitsIcEELb1ELb1EEEEOT_RNSt16remove_referenceIS6_E4typeE:
    #####:   77:    forward(typename std::remove_reference<_Tp>::type& __t) noexcept
    #####:   78:    { return static_cast<_Tp&&>(__t); }
------------------
_ZSt7forwardINSt8__detail11_AnyMatcherINSt7__cxx1112regex_traitsIcEELb0ELb0ELb1EEEEOT_RNSt16remove_referenceIS6_E4typeE:
    #####:   77:    forward(typename std::remove_reference<_Tp>::type& __t) noexcept
    #####:   78:    { return static_cast<_Tp&&>(__t); }
------------------
_ZSt7forwardINSt8__detail11_AnyMatcherINSt7__cxx1112regex_traitsIcEELb0ELb1ELb0EEEEOT_RNSt16remove_referenceIS6_E4typeE:
    #####:   77:    forward(typename std::remove_reference<_Tp>::type& __t) noexcept
    #####:   78:    { return static_cast<_Tp&&>(__t); }
------------------
_ZSt7forwardINSt8__detail11_AnyMatcherINSt7__cxx1112regex_traitsIcEELb0ELb1ELb1EEEEOT_RNSt16remove_referenceIS6_E4typeE:
    #####:   77:    forward(typename std::remove_reference<_Tp>::type& __t) noexcept
    #####:   78:    { return static_cast<_Tp&&>(__t); }
------------------
_ZSt7forwardINSt8__detail11_AnyMatcherINSt7__cxx1112regex_traitsIcEELb1ELb0ELb0EEEEOT_RNSt16remove_referenceIS6_E4typeE:
    #####:   77:    forward(typename std::remove_reference<_Tp>::type& __t) noexcept
    #####:   78:    { return static_cast<_Tp&&>(__t); }
------------------
_ZSt7forwardINSt8__detail11_AnyMatcherINSt7__cxx1112regex_traitsIcEELb1ELb0ELb1EEEEOT_RNSt16remove_referenceIS6_E4typeE:
    #####:   77:    forward(typename std::remove_reference<_Tp>::type& __t) noexcept
    #####:   78:    { return static_cast<_Tp&&>(__t); }
------------------
_ZSt7forwardINSt8__detail11_AnyMatcherINSt7__cxx1112regex_traitsIcEELb1ELb1ELb0EEEEOT_RNSt16remove_referenceIS6_E4typeE:
    #####:   77:    forward(typename std::remove_reference<_Tp>::type& __t) noexcept
    #####:   78:    { return static_cast<_Tp&&>(__t); }
------------------
_ZSt7forwardINSt8__detail11_AnyMatcherINSt7__cxx1112regex_traitsIcEELb1ELb1ELb1EEEEOT_RNSt16remove_referenceIS6_E4typeE:
    #####:   77:    forward(typename std::remove_reference<_Tp>::type& __t) noexcept
    #####:   78:    { return static_cast<_Tp&&>(__t); }
------------------
_ZSt7forwardINSt8__detail12_CharMatcherINSt7__cxx1112regex_traitsIcEELb0ELb0EEEEOT_RNSt16remove_referenceIS6_E4typeE:
     1425:   77:    forward(typename std::remove_reference<_Tp>::type& __t) noexcept
     1425:   78:    { return static_cast<_Tp&&>(__t); }
------------------
_ZSt7forwardINSt8__detail12_CharMatcherINSt7__cxx1112regex_traitsIcEELb0ELb1EEEEOT_RNSt16remove_referenceIS6_E4typeE:
    #####:   77:    forward(typename std::remove_reference<_Tp>::type& __t) noexcept
    #####:   78:    { return static_cast<_Tp&&>(__t); }
------------------
_ZSt7forwardINSt8__detail12_CharMatcherINSt7__cxx1112regex_traitsIcEELb1ELb0EEEEOT_RNSt16remove_referenceIS6_E4typeE:
    #####:   77:    forward(typename std::remove_reference<_Tp>::type& __t) noexcept
    #####:   78:    { return static_cast<_Tp&&>(__t); }
------------------
_ZSt7forwardINSt8__detail11_AnyMatcherINSt7__cxx1112regex_traitsIcEELb0ELb0ELb0EEEEOT_RNSt16remove_referenceIS6_E4typeE:
    #####:   77:    forward(typename std::remove_reference<_Tp>::type& __t) noexcept
    #####:   78:    { return static_cast<_Tp&&>(__t); }
------------------
_ZSt7forwardINSt8__detail15_BracketMatcherINSt7__cxx1112regex_traitsIcEELb0ELb0EEEEOT_RNSt16remove_referenceIS6_E4typeE:
    #####:   77:    forward(typename std::remove_reference<_Tp>::type& __t) noexcept
    #####:   78:    { return static_cast<_Tp&&>(__t); }
------------------
_ZSt7forwardINSt8__detail15_BracketMatcherINSt7__cxx1112regex_traitsIcEELb0ELb1EEEEOT_RNSt16remove_referenceIS6_E4typeE:
    #####:   77:    forward(typename std::remove_reference<_Tp>::type& __t) noexcept
    #####:   78:    { return static_cast<_Tp&&>(__t); }
------------------
_ZSt7forwardINSt8__detail15_BracketMatcherINSt7__cxx1112regex_traitsIcEELb1ELb0EEEEOT_RNSt16remove_referenceIS6_E4typeE:
    #####:   77:    forward(typename std::remove_reference<_Tp>::type& __t) noexcept
    #####:   78:    { return static_cast<_Tp&&>(__t); }
------------------
_ZSt7forwardINSt8__detail15_BracketMatcherINSt7__cxx1112regex_traitsIcEELb1ELb1EEEEOT_RNSt16remove_referenceIS6_E4typeE:
    #####:   77:    forward(typename std::remove_reference<_Tp>::type& __t) noexcept
    #####:   78:    { return static_cast<_Tp&&>(__t); }
------------------
_ZSt7forwardIRlEOT_RNSt16remove_referenceIS1_E4typeE:
        8:   77:    forward(typename std::remove_reference<_Tp>::type& __t) noexcept
        8:   78:    { return static_cast<_Tp&&>(__t); }
------------------
_ZSt7forwardIRKSt6vectorINSt7__cxx119sub_matchIN9__gnu_cxx17__normal_iteratorIPKcNS1_12basic_stringIcSt11char_traitsIcESaIcEEEEEEESaISD_EEEOT_RNSt16remove_referenceISI_E4typeE:
    #####:   77:    forward(typename std::remove_reference<_Tp>::type& __t) noexcept
    #####:   78:    { return static_cast<_Tp&&>(__t); }
------------------
_ZSt7forwardISt5tupleIJRKlEEEOT_RNSt16remove_referenceIS4_E4typeE:
     1500:   77:    forward(typename std::remove_reference<_Tp>::type& __t) noexcept
     1500:   78:    { return static_cast<_Tp&&>(__t); }
------------------
_ZSt7forwardIRKlEOT_RNSt16remove_referenceIS2_E4typeE:
     1500:   77:    forward(typename std::remove_reference<_Tp>::type& __t) noexcept
     1500:   78:    { return static_cast<_Tp&&>(__t); }
------------------
_ZSt7forwardIRNSt8__detail11_AnyMatcherINSt7__cxx1112regex_traitsIcEELb0ELb0ELb0EEEEOT_RNSt16remove_referenceIS7_E4typeE:
    #####:   77:    forward(typename std::remove_reference<_Tp>::type& __t) noexcept
    #####:   78:    { return static_cast<_Tp&&>(__t); }
------------------
_ZSt7forwardIRKmEOT_RNSt16remove_referenceIS2_E4typeE:
      250:   77:    forward(typename std::remove_reference<_Tp>::type& __t) noexcept
      250:   78:    { return static_cast<_Tp&&>(__t); }
------------------
_ZSt7forwardIcEOT_RNSt16remove_referenceIS0_E4typeE:
     1468:   77:    forward(typename std::remove_reference<_Tp>::type& __t) noexcept
     1468:   78:    { return static_cast<_Tp&&>(__t); }
------------------
_ZSt7forwardIbEOT_RNSt16remove_referenceIS0_E4typeE:
      149:   77:    forward(typename std::remove_reference<_Tp>::type& __t) noexcept
      149:   78:    { return static_cast<_Tp&&>(__t); }
------------------
_ZSt7forwardIRKcEOT_RNSt16remove_referenceIS2_E4typeE:
      931:   77:    forward(typename std::remove_reference<_Tp>::type& __t) noexcept
      931:   78:    { return static_cast<_Tp&&>(__t); }
------------------
_ZSt7forwardIRKSt21piecewise_construct_tEOT_RNSt16remove_referenceIS3_E4typeE:
     1500:   77:    forward(typename std::remove_reference<_Tp>::type& __t) noexcept
     1500:   78:    { return static_cast<_Tp&&>(__t); }
------------------
_ZSt7forwardISt5tupleIJRKcEEEOT_RNSt16remove_referenceIS4_E4typeE:
    #####:   77:    forward(typename std::remove_reference<_Tp>::type& __t) noexcept
    #####:   78:    { return static_cast<_Tp&&>(__t); }
------------------
_ZSt7forwardISt5tupleIJEEEOT_RNSt16remove_referenceIS2_E4typeE:
     1500:   77:    forward(typename std::remove_reference<_Tp>::type& __t) noexcept
     1500:   78:    { return static_cast<_Tp&&>(__t); }
------------------
_ZSt7forwardIRKSt6localeEOT_RNSt16remove_referenceIS3_E4typeE:
      200:   77:    forward(typename std::remove_reference<_Tp>::type& __t) noexcept
      200:   78:    { return static_cast<_Tp&&>(__t); }
------------------
_ZSt7forwardIRNSt15regex_constants18syntax_option_typeEEOT_RNSt16remove_referenceIS3_E4typeE:
      200:   77:    forward(typename std::remove_reference<_Tp>::type& __t) noexcept
      200:   78:    { return static_cast<_Tp&&>(__t); }
------------------
_ZSt7forwardIRKSt4pairIKciEEOT_RNSt16remove_referenceIS5_E4typeE:
     1093:   77:    forward(typename std::remove_reference<_Tp>::type& __t) noexcept
     1093:   78:    { return static_cast<_Tp&&>(__t); }
------------------
_ZSt7forwardIRPSt18_Rb_tree_node_baseEOT_RNSt16remove_referenceIS3_E4typeE:
      446:   77:    forward(typename std::remove_reference<_Tp>::type& __t) noexcept
      446:   78:    { return static_cast<_Tp&&>(__t); }
------------------
_ZSt7forwardIRNSt8__detail11_AnyMatcherINSt7__cxx1112regex_traitsIcEELb0ELb0ELb1EEEEOT_RNSt16remove_referenceIS7_E4typeE:
    #####:   77:    forward(typename std::remove_reference<_Tp>::type& __t) noexcept
    #####:   78:    { return static_cast<_Tp&&>(__t); }
------------------
_ZSt7forwardISaINSt8__detail10_Hash_nodeISt4pairIKciELb0EEEEEOT_RNSt16remove_referenceIS7_E4typeE:
       38:   77:    forward(typename std::remove_reference<_Tp>::type& __t) noexcept
       38:   78:    { return static_cast<_Tp&&>(__t); }
------------------
_ZSt7forwardINSt8__detail14_Node_iteratorISt4pairIKciELb0ELb0EEEEOT_RNSt16remove_referenceIS6_E4typeE:
    #####:   77:    forward(typename std::remove_reference<_Tp>::type& __t) noexcept
    #####:   78:    { return static_cast<_Tp&&>(__t); }
------------------
_ZSt7forwardIRNSt8__detail14_Node_iteratorISt4pairIKciELb0ELb0EEEEOT_RNSt16remove_referenceIS7_E4typeE:
      133:   77:    forward(typename std::remove_reference<_Tp>::type& __t) noexcept
      133:   78:    { return static_cast<_Tp&&>(__t); }
------------------
_ZSt7forwardIRPSt13_Rb_tree_nodeIcEEOT_RNSt16remove_referenceIS4_E4typeE:
       95:   77:    forward(typename std::remove_reference<_Tp>::type& __t) noexcept
       95:   78:    { return static_cast<_Tp&&>(__t); }
------------------
_ZSt7forwardINSt8__detail6_StateIcEEEOT_RNSt16remove_referenceIS3_E4typeE:
    13300:   77:    forward(typename std::remove_reference<_Tp>::type& __t) noexcept
    13300:   78:    { return static_cast<_Tp&&>(__t); }
------------------
_ZSt7forwardINSt8__detail9_StateSeqINSt7__cxx1112regex_traitsIcEEEEEOT_RNSt16remove_referenceIS6_E4typeE:
     2775:   77:    forward(typename std::remove_reference<_Tp>::type& __t) noexcept
     2775:   78:    { return static_cast<_Tp&&>(__t); }
------------------
_ZSt7forwardIRKSt8equal_toIcEEOT_RNSt16remove_referenceIS4_E4typeE:
       19:   77:    forward(typename std::remove_reference<_Tp>::type& __t) noexcept
       19:   78:    { return static_cast<_Tp&&>(__t); }
------------------
_ZSt7forwardIRKNSt8__detail9_StateSeqINSt7__cxx1112regex_traitsIcEEEEEOT_RNSt16remove_referenceIS8_E4typeE:
     1700:   77:    forward(typename std::remove_reference<_Tp>::type& __t) noexcept
     1700:   78:    { return static_cast<_Tp&&>(__t); }
------------------
_ZSt7forwardIRKSt4hashIcEEOT_RNSt16remove_referenceIS4_E4typeE:
       19:   77:    forward(typename std::remove_reference<_Tp>::type& __t) noexcept
       19:   78:    { return static_cast<_Tp&&>(__t); }
------------------
_ZSt7forwardIRKNSt8__detail15_BracketMatcherINSt7__cxx1112regex_traitsIcEELb1ELb1EEEEOT_RNSt16remove_referenceIS8_E4typeE:
    #####:   77:    forward(typename std::remove_reference<_Tp>::type& __t) noexcept
    #####:   78:    { return static_cast<_Tp&&>(__t); }
------------------
_ZSt7forwardIRKNSt8__detail11_AnyMatcherINSt7__cxx1112regex_traitsIcEELb1ELb0ELb1EEEEOT_RNSt16remove_referenceIS8_E4typeE:
    #####:   77:    forward(typename std::remove_reference<_Tp>::type& __t) noexcept
    #####:   78:    { return static_cast<_Tp&&>(__t); }
------------------
_ZSt7forwardIRKNSt8__detail11_AnyMatcherINSt7__cxx1112regex_traitsIcEELb1ELb1ELb0EEEEOT_RNSt16remove_referenceIS8_E4typeE:
    #####:   77:    forward(typename std::remove_reference<_Tp>::type& __t) noexcept
    #####:   78:    { return static_cast<_Tp&&>(__t); }
------------------
_ZSt7forwardIRKNSt8__detail11_AnyMatcherINSt7__cxx1112regex_traitsIcEELb1ELb1ELb1EEEEOT_RNSt16remove_referenceIS8_E4typeE:
    #####:   77:    forward(typename std::remove_reference<_Tp>::type& __t) noexcept
    #####:   78:    { return static_cast<_Tp&&>(__t); }
------------------
_ZSt7forwardIRKNSt8__detail12_CharMatcherINSt7__cxx1112regex_traitsIcEELb0ELb0EEEEOT_RNSt16remove_referenceIS8_E4typeE:
      600:   77:    forward(typename std::remove_reference<_Tp>::type& __t) noexcept
      600:   78:    { return static_cast<_Tp&&>(__t); }
------------------
_ZSt7forwardIRKNSt8__detail12_CharMatcherINSt7__cxx1112regex_traitsIcEELb0ELb1EEEEOT_RNSt16remove_referenceIS8_E4typeE:
    #####:   77:    forward(typename std::remove_reference<_Tp>::type& __t) noexcept
    #####:   78:    { return static_cast<_Tp&&>(__t); }
------------------
_ZSt7forwardIRKNSt8__detail12_CharMatcherINSt7__cxx1112regex_traitsIcEELb1ELb0EEEEOT_RNSt16remove_referenceIS8_E4typeE:
    #####:   77:    forward(typename std::remove_reference<_Tp>::type& __t) noexcept
    #####:   78:    { return static_cast<_Tp&&>(__t); }
------------------
_ZSt7forwardIRKNSt8__detail12_CharMatcherINSt7__cxx1112regex_traitsIcEELb1ELb1EEEEOT_RNSt16remove_referenceIS8_E4typeE:
    #####:   77:    forward(typename std::remove_reference<_Tp>::type& __t) noexcept
    #####:   78:    { return static_cast<_Tp&&>(__t); }
------------------
_ZSt7forwardIRKNSt8__detail15_BracketMatcherINSt7__cxx1112regex_traitsIcEELb0ELb0EEEEOT_RNSt16remove_referenceIS8_E4typeE:
    #####:   77:    forward(typename std::remove_reference<_Tp>::type& __t) noexcept
    #####:   78:    { return static_cast<_Tp&&>(__t); }
------------------
_ZSt7forwardIRKNSt8__detail15_BracketMatcherINSt7__cxx1112regex_traitsIcEELb0ELb1EEEEOT_RNSt16remove_referenceIS8_E4typeE:
    #####:   77:    forward(typename std::remove_reference<_Tp>::type& __t) noexcept
    #####:   78:    { return static_cast<_Tp&&>(__t); }
------------------
_ZSt7forwardIRKNSt8__detail15_BracketMatcherINSt7__cxx1112regex_traitsIcEELb1ELb0EEEEOT_RNSt16remove_referenceIS8_E4typeE:
    #####:   77:    forward(typename std::remove_reference<_Tp>::type& __t) noexcept
    #####:   78:    { return static_cast<_Tp&&>(__t); }
------------------
_ZSt7forwardIRKNSt8__detail11_AnyMatcherINSt7__cxx1112regex_traitsIcEELb1ELb0ELb0EEEEOT_RNSt16remove_referenceIS8_E4typeE:
    #####:   77:    forward(typename std::remove_reference<_Tp>::type& __t) noexcept
    #####:   78:    { return static_cast<_Tp&&>(__t); }
------------------
_ZSt7forwardINSt7__cxx1112basic_stringIcSt11char_traitsIcESaIcEEEEOT_RNSt16remove_referenceIS6_E4typeE:
       42:   77:    forward(typename std::remove_reference<_Tp>::type& __t) noexcept
       42:   78:    { return static_cast<_Tp&&>(__t); }
------------------
_ZSt7forwardIRNSt7__cxx119sub_matchIN9__gnu_cxx17__normal_iteratorIPKcNS0_12basic_stringIcSt11char_traitsIcESaIcEEEEEEEEOT_RNSt16remove_referenceISE_E4typeE:
    #####:   77:    forward(typename std::remove_reference<_Tp>::type& __t) noexcept
    #####:   78:    { return static_cast<_Tp&&>(__t); }
------------------
_ZSt7forwardIRKNSt7__cxx1112basic_stringIcSt11char_traitsIcESaIcEEEEOT_RNSt16remove_referenceIS8_E4typeE:
     2237:   77:    forward(typename std::remove_reference<_Tp>::type& __t) noexcept
     2237:   78:    { return static_cast<_Tp&&>(__t); }
------------------
_ZSt7forwardISt4pairIccEEOT_RNSt16remove_referenceIS2_E4typeE:
    #####:   77:    forward(typename std::remove_reference<_Tp>::type& __t) noexcept
    #####:   78:    { return static_cast<_Tp&&>(__t); }
------------------
_ZSt7forwardISt4pairINSt7__cxx1112basic_stringIcSt11char_traitsIcESaIcEEES6_EEOT_RNSt16remove_referenceIS8_E4typeE:
    #####:   77:    forward(typename std::remove_reference<_Tp>::type& __t) noexcept
    #####:   78:    { return static_cast<_Tp&&>(__t); }
------------------
_ZSt7forwardIRPSt13_Rb_tree_nodeISt4pairIKllEEEOT_RNSt16remove_referenceIS7_E4typeE:
      300:   77:    forward(typename std::remove_reference<_Tp>::type& __t) noexcept
      300:   78:    { return static_cast<_Tp&&>(__t); }
------------------
_ZSt7forwardISt4pairIlSt6vectorINSt7__cxx119sub_matchIN9__gnu_cxx17__normal_iteratorIPKcNS2_12basic_stringIcSt11char_traitsIcESaIcEEEEEEESaISE_EEEEOT_RNSt16remove_referenceISI_E4typeE:
    #####:   77:    forward(typename std::remove_reference<_Tp>::type& __t) noexcept
    #####:   78:    { return static_cast<_Tp&&>(__t); }
------------------
_ZSt7forwardINSt7__cxx1112regex_traitsIcE10_RegexMaskEEOT_RNSt16remove_referenceIS4_E4typeE:
    #####:   77:    forward(typename std::remove_reference<_Tp>::type& __t) noexcept
    #####:   78:    { return static_cast<_Tp&&>(__t); }
------------------
_ZSt7forwardIRKSt4pairIccEEOT_RNSt16remove_referenceIS4_E4typeE:
    #####:   77:    forward(typename std::remove_reference<_Tp>::type& __t) noexcept
    #####:   78:    { return static_cast<_Tp&&>(__t); }
------------------
_ZSt7forwardIRKNSt7__cxx1112regex_traitsIcE10_RegexMaskEEOT_RNSt16remove_referenceIS6_E4typeE:
    #####:   77:    forward(typename std::remove_reference<_Tp>::type& __t) noexcept
    #####:   78:    { return static_cast<_Tp&&>(__t); }
------------------
_ZSt7forwardIRNSt8__detail11_AnyMatcherINSt7__cxx1112regex_traitsIcEELb0ELb1ELb0EEEEOT_RNSt16remove_referenceIS7_E4typeE:
    #####:   77:    forward(typename std::remove_reference<_Tp>::type& __t) noexcept
    #####:   78:    { return static_cast<_Tp&&>(__t); }
------------------
_ZSt7forwardIRNSt8__detail11_AnyMatcherINSt7__cxx1112regex_traitsIcEELb0ELb1ELb1EEEEOT_RNSt16remove_referenceIS7_E4typeE:
    #####:   77:    forward(typename std::remove_reference<_Tp>::type& __t) noexcept
    #####:   78:    { return static_cast<_Tp&&>(__t); }
------------------
_ZSt7forwardIRNSt8__detail11_AnyMatcherINSt7__cxx1112regex_traitsIcEELb1ELb0ELb0EEEEOT_RNSt16remove_referenceIS7_E4typeE:
    #####:   77:    forward(typename std::remove_reference<_Tp>::type& __t) noexcept
    #####:   78:    { return static_cast<_Tp&&>(__t); }
------------------
_ZSt7forwardIRNSt8__detail11_AnyMatcherINSt7__cxx1112regex_traitsIcEELb1ELb0ELb1EEEEOT_RNSt16remove_referenceIS7_E4typeE:
    #####:   77:    forward(typename std::remove_reference<_Tp>::type& __t) noexcept
    #####:   78:    { return static_cast<_Tp&&>(__t); }
------------------
_ZSt7forwardIRNSt8__detail11_AnyMatcherINSt7__cxx1112regex_traitsIcEELb1ELb1ELb0EEEEOT_RNSt16remove_referenceIS7_E4typeE:
    #####:   77:    forward(typename std::remove_reference<_Tp>::type& __t) noexcept
    #####:   78:    { return static_cast<_Tp&&>(__t); }
------------------
_ZSt7forwardIRNSt8__detail11_AnyMatcherINSt7__cxx1112regex_traitsIcEELb1ELb1ELb1EEEEOT_RNSt16remove_referenceIS7_E4typeE:
    #####:   77:    forward(typename std::remove_reference<_Tp>::type& __t) noexcept
    #####:   78:    { return static_cast<_Tp&&>(__t); }
------------------
_ZSt7forwardIRNSt8__detail12_CharMatcherINSt7__cxx1112regex_traitsIcEELb0ELb0EEEEOT_RNSt16remove_referenceIS7_E4typeE:
      734:   77:    forward(typename std::remove_reference<_Tp>::type& __t) noexcept
      734:   78:    { return static_cast<_Tp&&>(__t); }
------------------
_ZSt7forwardIRNSt8__detail12_CharMatcherINSt7__cxx1112regex_traitsIcEELb0ELb1EEEEOT_RNSt16remove_referenceIS7_E4typeE:
    #####:   77:    forward(typename std::remove_reference<_Tp>::type& __t) noexcept
    #####:   78:    { return static_cast<_Tp&&>(__t); }
------------------
_ZSt7forwardIRNSt8__detail12_CharMatcherINSt7__cxx1112regex_traitsIcEELb1ELb0EEEEOT_RNSt16remove_referenceIS7_E4typeE:
    #####:   77:    forward(typename std::remove_reference<_Tp>::type& __t) noexcept
    #####:   78:    { return static_cast<_Tp&&>(__t); }
------------------
_ZSt7forwardIRNSt8__detail12_CharMatcherINSt7__cxx1112regex_traitsIcEELb1ELb1EEEEOT_RNSt16remove_referenceIS7_E4typeE:
    #####:   77:    forward(typename std::remove_reference<_Tp>::type& __t) noexcept
    #####:   78:    { return static_cast<_Tp&&>(__t); }
------------------
_ZSt7forwardIRKSt4pairINSt7__cxx1112basic_stringIcSt11char_traitsIcESaIcEEES6_EEOT_RNSt16remove_referenceISA_E4typeE:
    #####:   77:    forward(typename std::remove_reference<_Tp>::type& __t) noexcept
    #####:   78:    { return static_cast<_Tp&&>(__t); }
------------------
_ZSt7forwardIRNSt8__detail15_BracketMatcherINSt7__cxx1112regex_traitsIcEELb0ELb0EEEEOT_RNSt16remove_referenceIS7_E4typeE:
    #####:   77:    forward(typename std::remove_reference<_Tp>::type& __t) noexcept
    #####:   78:    { return static_cast<_Tp&&>(__t); }
------------------
_ZSt7forwardIRNSt8__detail15_BracketMatcherINSt7__cxx1112regex_traitsIcEELb0ELb1EEEEOT_RNSt16remove_referenceIS7_E4typeE:
    #####:   77:    forward(typename std::remove_reference<_Tp>::type& __t) noexcept
    #####:   78:    { return static_cast<_Tp&&>(__t); }
------------------
_ZSt7forwardIRNSt8__detail15_BracketMatcherINSt7__cxx1112regex_traitsIcEELb1ELb0EEEEOT_RNSt16remove_referenceIS7_E4typeE:
    #####:   77:    forward(typename std::remove_reference<_Tp>::type& __t) noexcept
    #####:   78:    { return static_cast<_Tp&&>(__t); }
------------------
_ZSt7forwardIRNSt8__detail15_BracketMatcherINSt7__cxx1112regex_traitsIcEELb1ELb1EEEEOT_RNSt16remove_referenceIS7_E4typeE:
    #####:   77:    forward(typename std::remove_reference<_Tp>::type& __t) noexcept
    #####:   78:    { return static_cast<_Tp&&>(__t); }
------------------
_ZSt7forwardIRKNSt7__cxx119sub_matchIN9__gnu_cxx17__normal_iteratorIPKcNS0_12basic_stringIcSt11char_traitsIcESaIcEEEEEEEEOT_RNSt16remove_referenceISF_E4typeE:
      350:   77:    forward(typename std::remove_reference<_Tp>::type& __t) noexcept
      350:   78:    { return static_cast<_Tp&&>(__t); }
------------------
_ZSt7forwardIRKNSt8__detail11_AnyMatcherINSt7__cxx1112regex_traitsIcEELb0ELb0ELb0EEEEOT_RNSt16remove_referenceIS8_E4typeE:
    #####:   77:    forward(typename std::remove_reference<_Tp>::type& __t) noexcept
    #####:   78:    { return static_cast<_Tp&&>(__t); }
------------------
_ZSt7forwardIRKNSt8__detail11_AnyMatcherINSt7__cxx1112regex_traitsIcEELb0ELb0ELb1EEEEOT_RNSt16remove_referenceIS8_E4typeE:
    #####:   77:    forward(typename std::remove_reference<_Tp>::type& __t) noexcept
    #####:   78:    { return static_cast<_Tp&&>(__t); }
------------------
_ZSt7forwardIRKNSt8__detail11_AnyMatcherINSt7__cxx1112regex_traitsIcEELb0ELb1ELb0EEEEOT_RNSt16remove_referenceIS8_E4typeE:
    #####:   77:    forward(typename std::remove_reference<_Tp>::type& __t) noexcept
    #####:   78:    { return static_cast<_Tp&&>(__t); }
------------------
_ZSt7forwardIRKNSt8__detail11_AnyMatcherINSt7__cxx1112regex_traitsIcEELb0ELb1ELb1EEEEOT_RNSt16remove_referenceIS8_E4typeE:
    #####:   77:    forward(typename std::remove_reference<_Tp>::type& __t) noexcept
    #####:   78:    { return static_cast<_Tp&&>(__t); }
------------------
        -:   79:
        -:   80:  /**
        -:   81:   *  @brief  Forward an rvalue.
        -:   82:   *  @return The parameter cast to the specified type.
        -:   83:   *
        -:   84:   *  This function is used to implement "perfect forwarding".
        -:   85:   */
        -:   86:  template<typename _Tp>
        -:   87:    _GLIBCXX_NODISCARD
        -:   88:    constexpr _Tp&&
        -:   89:    forward(typename std::remove_reference<_Tp>::type&& __t) noexcept
        -:   90:    {
        -:   91:      static_assert(!std::is_lvalue_reference<_Tp>::value,
        -:   92:	  "std::forward must not be used to convert an rvalue to an lvalue");
        -:   93:      return static_cast<_Tp&&>(__t);
        -:   94:    }
        -:   95:
        -:   96:  /**
        -:   97:   *  @brief  Convert a value to an rvalue.
        -:   98:   *  @param  __t  A thing of arbitrary type.
        -:   99:   *  @return The parameter cast to an rvalue-reference to allow moving it.
        -:  100:  */
        -:  101:  template<typename _Tp>
        -:  102:    _GLIBCXX_NODISCARD
        -:  103:    constexpr typename std::remove_reference<_Tp>::type&&
   21151*:  104:    move(_Tp&& __t) noexcept
   21151*:  105:    { return static_cast<typename std::remove_reference<_Tp>::type&&>(__t); }
------------------
_ZSt4moveIRlEONSt16remove_referenceIT_E4typeEOS2_:
      900:  104:    move(_Tp&& __t) noexcept
      900:  105:    { return static_cast<typename std::remove_reference<_Tp>::type&&>(__t); }
------------------
_ZSt4moveIRSt9_Any_dataEONSt16remove_referenceIT_E4typeEOS3_:
     1425:  104:    move(_Tp&& __t) noexcept
     1425:  105:    { return static_cast<typename std::remove_reference<_Tp>::type&&>(__t); }
------------------
_ZSt4moveIRPNSt8__detail6_StateIcEEEONSt16remove_referenceIT_E4typeEOS6_:
    #####:  104:    move(_Tp&& __t) noexcept
    #####:  105:    { return static_cast<typename std::remove_reference<_Tp>::type&&>(__t); }
------------------
_ZSt4moveIRPmEONSt16remove_referenceIT_E4typeEOS3_:
    #####:  104:    move(_Tp&& __t) noexcept
    #####:  105:    { return static_cast<typename std::remove_reference<_Tp>::type&&>(__t); }
------------------
_ZSt4moveIRNSt12_Vector_baseISt4pairIlSt6vectorINSt7__cxx119sub_matchIN9__gnu_cxx17__normal_iteratorIPKcNS3_12basic_stringIcSt11char_traitsIcESaIcEEEEEEESaISF_EEESaISI_EE12_Vector_implEEONSt16remove_referenceIT_E4typeEOSO_:
    #####:  104:    move(_Tp&& __t) noexcept
    #####:  105:    { return static_cast<typename std::remove_reference<_Tp>::type&&>(__t); }
------------------
_ZSt4moveIRNSt8__detail15_BracketMatcherINSt7__cxx1112regex_traitsIcEELb1ELb1EEEEONSt16remove_referenceIT_E4typeEOS8_:
    #####:  104:    move(_Tp&& __t) noexcept
    #####:  105:    { return static_cast<typename std::remove_reference<_Tp>::type&&>(__t); }
------------------
_ZSt4moveIRNSt8__detail15_BracketMatcherINSt7__cxx1112regex_traitsIcEELb1ELb0EEEEONSt16remove_referenceIT_E4typeEOS8_:
    #####:  104:    move(_Tp&& __t) noexcept
    #####:  105:    { return static_cast<typename std::remove_reference<_Tp>::type&&>(__t); }
------------------
_ZSt4moveIRNSt8__detail15_BracketMatcherINSt7__cxx1112regex_traitsIcEELb0ELb1EEEEONSt16remove_referenceIT_E4typeEOS8_:
    #####:  104:    move(_Tp&& __t) noexcept
    #####:  105:    { return static_cast<typename std::remove_reference<_Tp>::type&&>(__t); }
------------------
_ZSt4moveIRNSt8__detail15_BracketMatcherINSt7__cxx1112regex_traitsIcEELb0ELb0EEEEONSt16remove_referenceIT_E4typeEOS8_:
    #####:  104:    move(_Tp&& __t) noexcept
    #####:  105:    { return static_cast<typename std::remove_reference<_Tp>::type&&>(__t); }
------------------
_ZSt4moveIRSt6vectorINSt7__cxx119sub_matchIN9__gnu_cxx17__normal_iteratorIPKcNS1_12basic_stringIcSt11char_traitsIcESaIcEEEEEEESaISD_EEEONSt16remove_referenceIT_E4typeEOSI_:
    #####:  104:    move(_Tp&& __t) noexcept
    #####:  105:    { return static_cast<typename std::remove_reference<_Tp>::type&&>(__t); }
------------------
_ZSt4moveIRSt6vectorISt4pairIlS0_INSt7__cxx119sub_matchIN9__gnu_cxx17__normal_iteratorIPKcNS2_12basic_stringIcSt11char_traitsIcESaIcEEEEEEESaISE_EEESaISH_EEEONSt16remove_referenceIT_E4typeEOSM_:
    #####:  104:    move(_Tp&& __t) noexcept
    #####:  105:    { return static_cast<typename std::remove_reference<_Tp>::type&&>(__t); }
------------------
_ZSt4moveIRPFbRSt9_Any_dataRKS0_St18_Manager_operationEEONSt16remove_referenceIT_E4typeEOS9_:
     1425:  104:    move(_Tp&& __t) noexcept
     1425:  105:    { return static_cast<typename std::remove_reference<_Tp>::type&&>(__t); }
------------------
_ZSt4moveIRPKNSt8__detail4_NFAINSt7__cxx1112regex_traitsIcEEEEEONSt16remove_referenceIT_E4typeEOSA_:
       75:  104:    move(_Tp&& __t) noexcept
       75:  105:    { return static_cast<typename std::remove_reference<_Tp>::type&&>(__t); }
------------------
_ZSt4moveIRNSt8__detail9_StateSeqINSt7__cxx1112regex_traitsIcEEEEEONSt16remove_referenceIT_E4typeEOS8_:
     1850:  104:    move(_Tp&& __t) noexcept
     1850:  105:    { return static_cast<typename std::remove_reference<_Tp>::type&&>(__t); }
------------------
_ZSt4moveIRSt8functionIFbcEEEONSt16remove_referenceIT_E4typeEOS5_:
     3700:  104:    move(_Tp&& __t) noexcept
     3700:  105:    { return static_cast<typename std::remove_reference<_Tp>::type&&>(__t); }
------------------
_ZSt4moveIRSt12__shared_ptrIKNSt8__detail4_NFAINSt7__cxx1112regex_traitsIcEEEELN9__gnu_cxx12_Lock_policyE2EEEONSt16remove_referenceIT_E4typeEOSD_:
       25:  104:    move(_Tp&& __t) noexcept
       25:  105:    { return static_cast<typename std::remove_reference<_Tp>::type&&>(__t); }
------------------
_ZSt4moveIRNSt8__detail6_StateIcEEEONSt16remove_referenceIT_E4typeEOS5_:
     9175:  104:    move(_Tp&& __t) noexcept
     9175:  105:    { return static_cast<typename std::remove_reference<_Tp>::type&&>(__t); }
------------------
_ZSt4moveIRSaISt13_Rb_tree_nodeIcEEEONSt16remove_referenceIT_E4typeEOS5_:
       19:  104:    move(_Tp&& __t) noexcept
       19:  105:    { return static_cast<typename std::remove_reference<_Tp>::type&&>(__t); }
------------------
_ZSt4moveIRSt10shared_ptrIKNSt8__detail4_NFAINSt7__cxx1112regex_traitsIcEEEEEEONSt16remove_referenceIT_E4typeEOSB_:
       25:  104:    move(_Tp&& __t) noexcept
       25:  105:    { return static_cast<typename std::remove_reference<_Tp>::type&&>(__t); }
------------------
_ZSt4moveIRSt10shared_ptrINSt8__detail4_NFAINSt7__cxx1112regex_traitsIcEEEEEEONSt16remove_referenceIT_E4typeEOSA_:
       50:  104:    move(_Tp&& __t) noexcept
       50:  105:    { return static_cast<typename std::remove_reference<_Tp>::type&&>(__t); }
------------------
_ZSt4moveIRNSt7__cxx1112basic_stringIcSt11char_traitsIcESaIcEEEEONSt16remove_referenceIT_E4typeEOS8_:
       21:  104:    move(_Tp&& __t) noexcept
       21:  105:    { return static_cast<typename std::remove_reference<_Tp>::type&&>(__t); }
------------------
_ZSt4moveIRSaIcEEONSt16remove_referenceIT_E4typeEOS3_:
    #####:  104:    move(_Tp&& __t) noexcept
    #####:  105:    { return static_cast<typename std::remove_reference<_Tp>::type&&>(__t); }
------------------
_ZSt4moveIRSt4pairINSt7__cxx1112basic_stringIcSt11char_traitsIcESaIcEEES6_EEONSt16remove_referenceIT_E4typeEOSA_:
    #####:  104:    move(_Tp&& __t) noexcept
    #####:  105:    { return static_cast<typename std::remove_reference<_Tp>::type&&>(__t); }
------------------
_ZSt4moveIRPSt4pairIccEEONSt16remove_referenceIT_E4typeEOS5_:
    #####:  104:    move(_Tp&& __t) noexcept
    #####:  105:    { return static_cast<typename std::remove_reference<_Tp>::type&&>(__t); }
------------------
_ZSt4moveIRNSt12_Vector_baseINSt7__cxx119sub_matchIN9__gnu_cxx17__normal_iteratorIPKcNS1_12basic_stringIcSt11char_traitsIcESaIcEEEEEEESaISD_EE12_Vector_implEEONSt16remove_referenceIT_E4typeEOSJ_:
    #####:  104:    move(_Tp&& __t) noexcept
    #####:  105:    { return static_cast<typename std::remove_reference<_Tp>::type&&>(__t); }
------------------
_ZSt4moveIRPcEONSt16remove_referenceIT_E4typeEOS3_:
    #####:  104:    move(_Tp&& __t) noexcept
    #####:  105:    { return static_cast<typename std::remove_reference<_Tp>::type&&>(__t); }
------------------
_ZSt4moveIRPNSt7__cxx1112basic_stringIcSt11char_traitsIcESaIcEEEEONSt16remove_referenceIT_E4typeEOS9_:
        3:  104:    move(_Tp&& __t) noexcept
        3:  105:    { return static_cast<typename std::remove_reference<_Tp>::type&&>(__t); }
------------------
_ZSt4moveIRN9__gnu_cxx5__ops15_Iter_less_iterEEONSt16remove_referenceIT_E4typeEOS5_:
    #####:  104:    move(_Tp&& __t) noexcept
    #####:  105:    { return static_cast<typename std::remove_reference<_Tp>::type&&>(__t); }
------------------
_ZSt4moveIRNSt7__cxx1112regex_traitsIcE10_RegexMaskEEONSt16remove_referenceIT_E4typeEOS6_:
    #####:  104:    move(_Tp&& __t) noexcept
    #####:  105:    { return static_cast<typename std::remove_reference<_Tp>::type&&>(__t); }
------------------
_ZSt4moveIRSt4pairIlSt6vectorINSt7__cxx119sub_matchIN9__gnu_cxx17__normal_iteratorIPKcNS2_12basic_stringIcSt11char_traitsIcESaIcEEEEEEESaISE_EEEEONSt16remove_referenceIT_E4typeEOSK_:
    #####:  104:    move(_Tp&& __t) noexcept
    #####:  105:    { return static_cast<typename std::remove_reference<_Tp>::type&&>(__t); }
------------------
_ZSt4moveIRPNSt7__cxx1112regex_traitsIcE10_RegexMaskEEONSt16remove_referenceIT_E4typeEOS7_:
    #####:  104:    move(_Tp&& __t) noexcept
    #####:  105:    { return static_cast<typename std::remove_reference<_Tp>::type&&>(__t); }
------------------
_ZSt4moveIRSt6localeEONSt16remove_referenceIT_E4typeEOS3_:
       75:  104:    move(_Tp&& __t) noexcept
       75:  105:    { return static_cast<typename std::remove_reference<_Tp>::type&&>(__t); }
------------------
_ZSt4moveIRPSt4pairIlSt6vectorINSt7__cxx119sub_matchIN9__gnu_cxx17__normal_iteratorIPKcNS2_12basic_stringIcSt11char_traitsIcESaIcEEEEEEESaISE_EEEEONSt16remove_referenceIT_E4typeEOSL_:
    #####:  104:    move(_Tp&& __t) noexcept
    #####:  105:    { return static_cast<typename std::remove_reference<_Tp>::type&&>(__t); }
------------------
_ZSt4moveIRPSt4pairINSt7__cxx1112basic_stringIcSt11char_traitsIcESaIcEEES6_EEONSt16remove_referenceIT_E4typeEOSB_:
    #####:  104:    move(_Tp&& __t) noexcept
    #####:  105:    { return static_cast<typename std::remove_reference<_Tp>::type&&>(__t); }
------------------
_ZSt4moveIRSt4pairIccEEONSt16remove_referenceIT_E4typeEOS4_:
    #####:  104:    move(_Tp&& __t) noexcept
    #####:  105:    { return static_cast<typename std::remove_reference<_Tp>::type&&>(__t); }
------------------
_ZSt4moveIRNSt12_Vector_baseISt4pairINSt7__cxx1112basic_stringIcSt11char_traitsIcESaIcEEES7_ESaIS8_EE12_Vector_implEEONSt16remove_referenceIT_E4typeEOSE_:
    #####:  104:    move(_Tp&& __t) noexcept
    #####:  105:    { return static_cast<typename std::remove_reference<_Tp>::type&&>(__t); }
------------------
_ZSt4moveIRNSt12_Vector_baseINSt7__cxx1112regex_traitsIcE10_RegexMaskESaIS4_EE12_Vector_implEEONSt16remove_referenceIT_E4typeEOSA_:
    #####:  104:    move(_Tp&& __t) noexcept
    #####:  105:    { return static_cast<typename std::remove_reference<_Tp>::type&&>(__t); }
------------------
_ZSt4moveIRNSt12_Vector_baseISt4pairIccESaIS2_EE12_Vector_implEEONSt16remove_referenceIT_E4typeEOS8_:
    #####:  104:    move(_Tp&& __t) noexcept
    #####:  105:    { return static_cast<typename std::remove_reference<_Tp>::type&&>(__t); }
------------------
_ZSt4moveIRNSt12_Vector_baseINSt7__cxx1112basic_stringIcSt11char_traitsIcESaIcEEESaIS6_EE12_Vector_implEEONSt16remove_referenceIT_E4typeEOSC_:
      958:  104:    move(_Tp&& __t) noexcept
      958:  105:    { return static_cast<typename std::remove_reference<_Tp>::type&&>(__t); }
------------------
_ZSt4moveIRNSt12_Vector_baseIcSaIcEE12_Vector_implEEONSt16remove_referenceIT_E4typeEOS6_:
    #####:  104:    move(_Tp&& __t) noexcept
    #####:  105:    { return static_cast<typename std::remove_reference<_Tp>::type&&>(__t); }
------------------
_ZSt4moveIRSaINSt7__cxx119sub_matchIN9__gnu_cxx17__normal_iteratorIPKcNS0_12basic_stringIcSt11char_traitsIcESaIcEEEEEEEEEONSt16remove_referenceIT_E4typeEOSG_:
    #####:  104:    move(_Tp&& __t) noexcept
    #####:  105:    { return static_cast<typename std::remove_reference<_Tp>::type&&>(__t); }
------------------
_ZSt4moveIRcEONSt16remove_referenceIT_E4typeEOS2_:
    #####:  104:    move(_Tp&& __t) noexcept
    #####:  105:    { return static_cast<typename std::remove_reference<_Tp>::type&&>(__t); }
------------------
_ZSt4moveIRPFbRKSt9_Any_dataOcEEONSt16remove_referenceIT_E4typeEOS8_:
     1425:  104:    move(_Tp&& __t) noexcept
     1425:  105:    { return static_cast<typename std::remove_reference<_Tp>::type&&>(__t); }
------------------
        -:  106:
        -:  107:
        -:  108:  template<typename _Tp>
        -:  109:    struct __move_if_noexcept_cond
        -:  110:    : public __and_<__not_<is_nothrow_move_constructible<_Tp>>,
        -:  111:                    is_copy_constructible<_Tp>>::type { };
        -:  112:
        -:  113:  /**
        -:  114:   *  @brief  Conditionally convert a value to an rvalue.
        -:  115:   *  @param  __x  A thing of arbitrary type.
        -:  116:   *  @return The parameter, possibly cast to an rvalue-reference.
        -:  117:   *
        -:  118:   *  Same as std::move unless the type's move constructor could throw and the
        -:  119:   *  type is copyable, in which case an lvalue-reference is returned instead.
        -:  120:   */
        -:  121:  template<typename _Tp>
        -:  122:    _GLIBCXX_NODISCARD
        -:  123:    constexpr typename
        -:  124:    conditional<__move_if_noexcept_cond<_Tp>::value, const _Tp&, _Tp&&>::type
        -:  125:    move_if_noexcept(_Tp& __x) noexcept
        -:  126:    { return std::move(__x); }
        -:  127:
        -:  128:  // declval, from type_traits.
        -:  129:
        -:  130:#if __cplusplus > 201402L
        -:  131:  // _GLIBCXX_RESOLVE_LIB_DEFECTS
        -:  132:  // 2296. std::addressof should be constexpr
        -:  133:# define __cpp_lib_addressof_constexpr 201603
        -:  134:#endif
        -:  135:  /**
        -:  136:   *  @brief Returns the actual address of the object or function
        -:  137:   *         referenced by r, even in the presence of an overloaded
        -:  138:   *         operator&.
        -:  139:   *  @param  __r  Reference to an object or function.
        -:  140:   *  @return   The actual address.
        -:  141:  */
        -:  142:  template<typename _Tp>
        -:  143:    _GLIBCXX_NODISCARD
        -:  144:    inline _GLIBCXX17_CONSTEXPR _Tp*
      152:  145:    addressof(_Tp& __r) noexcept
      152:  146:    { return std::__addressof(__r); }
------------------
_ZSt9addressofINSt8__detail10_Hash_nodeISt4pairIKciELb0EEEEPT_RS6_:
      133:  145:    addressof(_Tp& __r) noexcept
      133:  146:    { return std::__addressof(__r); }
------------------
_ZSt9addressofIPNSt8__detail15_Hash_node_baseEEPT_RS3_:
       19:  145:    addressof(_Tp& __r) noexcept
       19:  146:    { return std::__addressof(__r); }
------------------
        -:  147:
        -:  148:  // _GLIBCXX_RESOLVE_LIB_DEFECTS
        -:  149:  // 2598. addressof works on temporaries
        -:  150:  template<typename _Tp>
        -:  151:    const _Tp* addressof(const _Tp&&) = delete;
        -:  152:
        -:  153:  // C++11 version of std::exchange for internal use.
        -:  154:  template <typename _Tp, typename _Up = _Tp>
        -:  155:    _GLIBCXX20_CONSTEXPR
        -:  156:    inline _Tp
        -:  157:    __exchange(_Tp& __obj, _Up&& __new_val)
        -:  158:    {
        -:  159:      _Tp __old_val = std::move(__obj);
        -:  160:      __obj = std::forward<_Up>(__new_val);
        -:  161:      return __old_val;
        -:  162:    }
        -:  163:
        -:  164:  /// @} group utilities
        -:  165:
        -:  166:#define _GLIBCXX_FWDREF(_Tp) _Tp&&
        -:  167:#define _GLIBCXX_MOVE(__val) std::move(__val)
        -:  168:#define _GLIBCXX_FORWARD(_Tp, __val) std::forward<_Tp>(__val)
        -:  169:#else
        -:  170:#define _GLIBCXX_FWDREF(_Tp) const _Tp&
        -:  171:#define _GLIBCXX_MOVE(__val) (__val)
        -:  172:#define _GLIBCXX_FORWARD(_Tp, __val) (__val)
        -:  173:#endif
        -:  174:
        -:  175:  /**
        -:  176:   *  @addtogroup utilities
        -:  177:   *  @{
        -:  178:   */
        -:  179:
        -:  180:  /**
        -:  181:   *  @brief Swaps two values.
        -:  182:   *  @param  __a  A thing of arbitrary type.
        -:  183:   *  @param  __b  Another thing of arbitrary type.
        -:  184:   *  @return   Nothing.
        -:  185:  */
        -:  186:  template<typename _Tp>
        -:  187:    _GLIBCXX20_CONSTEXPR
        -:  188:    inline
        -:  189:#if __cplusplus >= 201103L
        -:  190:    typename enable_if<__and_<__not_<__is_tuple_like<_Tp>>,
        -:  191:			      is_move_constructible<_Tp>,
        -:  192:			      is_move_assignable<_Tp>>::value>::type
        -:  193:#else
        -:  194:    void
        -:  195:#endif
    1775*:  196:    swap(_Tp& __a, _Tp& __b)
        -:  197:    _GLIBCXX_NOEXCEPT_IF(__and_<is_nothrow_move_constructible<_Tp>,
        -:  198:				is_nothrow_move_assignable<_Tp>>::value)
        -:  199:    {
        -:  200:#if __cplusplus < 201103L
        -:  201:      // concept requirements
        -:  202:      __glibcxx_function_requires(_SGIAssignableConcept<_Tp>)
        -:  203:#endif
    1775*:  204:      _Tp __tmp = _GLIBCXX_MOVE(__a);
    1775*:  205:      __a = _GLIBCXX_MOVE(__b);
    1775*:  206:      __b = _GLIBCXX_MOVE(__tmp);
    1775*:  207:    }
------------------
_ZSt4swapIcENSt9enable_ifIXsrSt6__and_IJSt6__not_ISt15__is_tuple_likeIT_EESt21is_move_constructibleIS4_ESt18is_move_assignableIS4_EEE5valueEvE4typeERS4_SE_:
    #####:  196:    swap(_Tp& __a, _Tp& __b)
        -:  197:    _GLIBCXX_NOEXCEPT_IF(__and_<is_nothrow_move_constructible<_Tp>,
        -:  198:				is_nothrow_move_assignable<_Tp>>::value)
        -:  199:    {
        -:  200:#if __cplusplus < 201103L
        -:  201:      // concept requirements
        -:  202:      __glibcxx_function_requires(_SGIAssignableConcept<_Tp>)
        -:  203:#endif
    #####:  204:      _Tp __tmp = _GLIBCXX_MOVE(__a);
    #####:  205:      __a = _GLIBCXX_MOVE(__b);
    #####:  206:      __b = _GLIBCXX_MOVE(__tmp);
    #####:  207:    }
------------------
_ZSt4swapISt6localeENSt9enable_ifIXsrSt6__and_IJSt6__not_ISt15__is_tuple_likeIT_EESt21is_move_constructibleIS5_ESt18is_move_assignableIS5_EEE5valueEvE4typeERS5_SF_:
       25:  196:    swap(_Tp& __a, _Tp& __b)
        -:  197:    _GLIBCXX_NOEXCEPT_IF(__and_<is_nothrow_move_constructible<_Tp>,
        -:  198:				is_nothrow_move_assignable<_Tp>>::value)
        -:  199:    {
        -:  200:#if __cplusplus < 201103L
        -:  201:      // concept requirements
        -:  202:      __glibcxx_function_requires(_SGIAssignableConcept<_Tp>)
        -:  203:#endif
       25:  204:      _Tp __tmp = _GLIBCXX_MOVE(__a);
       25:  205:      __a = _GLIBCXX_MOVE(__b);
       25:  206:      __b = _GLIBCXX_MOVE(__tmp);
       25:  207:    }
------------------
_ZSt4swapIPFbRKSt9_Any_dataOcEENSt9enable_ifIXsrSt6__and_IJSt6__not_ISt15__is_tuple_likeIT_EESt21is_move_constructibleISA_ESt18is_move_assignableISA_EEE5valueEvE4typeERSA_SK_:
      475:  196:    swap(_Tp& __a, _Tp& __b)
        -:  197:    _GLIBCXX_NOEXCEPT_IF(__and_<is_nothrow_move_constructible<_Tp>,
        -:  198:				is_nothrow_move_assignable<_Tp>>::value)
        -:  199:    {
        -:  200:#if __cplusplus < 201103L
        -:  201:      // concept requirements
        -:  202:      __glibcxx_function_requires(_SGIAssignableConcept<_Tp>)
        -:  203:#endif
      475:  204:      _Tp __tmp = _GLIBCXX_MOVE(__a);
      475:  205:      __a = _GLIBCXX_MOVE(__b);
      475:  206:      __b = _GLIBCXX_MOVE(__tmp);
      475:  207:    }
------------------
_ZSt4swapIPFbRSt9_Any_dataRKS0_St18_Manager_operationEENSt9enable_ifIXsrSt6__and_IJSt6__not_ISt15__is_tuple_likeIT_EESt21is_move_constructibleISB_ESt18is_move_assignableISB_EEE5valueEvE4typeERSB_SL_:
      475:  196:    swap(_Tp& __a, _Tp& __b)
        -:  197:    _GLIBCXX_NOEXCEPT_IF(__and_<is_nothrow_move_constructible<_Tp>,
        -:  198:				is_nothrow_move_assignable<_Tp>>::value)
        -:  199:    {
        -:  200:#if __cplusplus < 201103L
        -:  201:      // concept requirements
        -:  202:      __glibcxx_function_requires(_SGIAssignableConcept<_Tp>)
        -:  203:#endif
      475:  204:      _Tp __tmp = _GLIBCXX_MOVE(__a);
      475:  205:      __a = _GLIBCXX_MOVE(__b);
      475:  206:      __b = _GLIBCXX_MOVE(__tmp);
      475:  207:    }
------------------
_ZSt4swapISt9_Any_dataENSt9enable_ifIXsrSt6__and_IJSt6__not_ISt15__is_tuple_likeIT_EESt21is_move_constructibleIS5_ESt18is_move_assignableIS5_EEE5valueEvE4typeERS5_SF_:
      475:  196:    swap(_Tp& __a, _Tp& __b)
        -:  197:    _GLIBCXX_NOEXCEPT_IF(__and_<is_nothrow_move_constructible<_Tp>,
        -:  198:				is_nothrow_move_assignable<_Tp>>::value)
        -:  199:    {
        -:  200:#if __cplusplus < 201103L
        -:  201:      // concept requirements
        -:  202:      __glibcxx_function_requires(_SGIAssignableConcept<_Tp>)
        -:  203:#endif
      475:  204:      _Tp __tmp = _GLIBCXX_MOVE(__a);
      475:  205:      __a = _GLIBCXX_MOVE(__b);
      475:  206:      __b = _GLIBCXX_MOVE(__tmp);
      475:  207:    }
------------------
_ZSt4swapIlENSt9enable_ifIXsrSt6__and_IJSt6__not_ISt15__is_tuple_likeIT_EESt21is_move_constructibleIS4_ESt18is_move_assignableIS4_EEE5valueEvE4typeERS4_SE_:
      300:  196:    swap(_Tp& __a, _Tp& __b)
        -:  197:    _GLIBCXX_NOEXCEPT_IF(__and_<is_nothrow_move_constructible<_Tp>,
        -:  198:				is_nothrow_move_assignable<_Tp>>::value)
        -:  199:    {
        -:  200:#if __cplusplus < 201103L
        -:  201:      // concept requirements
        -:  202:      __glibcxx_function_requires(_SGIAssignableConcept<_Tp>)
        -:  203:#endif
      300:  204:      _Tp __tmp = _GLIBCXX_MOVE(__a);
      300:  205:      __a = _GLIBCXX_MOVE(__b);
      300:  206:      __b = _GLIBCXX_MOVE(__tmp);
      300:  207:    }
------------------
_ZSt4swapIPKNSt8__detail4_NFAINSt7__cxx1112regex_traitsIcEEEEENSt9enable_ifIXsrSt6__and_IJSt6__not_ISt15__is_tuple_likeIT_EESt21is_move_constructibleISC_ESt18is_move_assignableISC_EEE5valueEvE4typeERSC_SM_:
       25:  196:    swap(_Tp& __a, _Tp& __b)
        -:  197:    _GLIBCXX_NOEXCEPT_IF(__and_<is_nothrow_move_constructible<_Tp>,
        -:  198:				is_nothrow_move_assignable<_Tp>>::value)
        -:  199:    {
        -:  200:#if __cplusplus < 201103L
        -:  201:      // concept requirements
        -:  202:      __glibcxx_function_requires(_SGIAssignableConcept<_Tp>)
        -:  203:#endif
       25:  204:      _Tp __tmp = _GLIBCXX_MOVE(__a);
       25:  205:      __a = _GLIBCXX_MOVE(__b);
       25:  206:      __b = _GLIBCXX_MOVE(__tmp);
       25:  207:    }
------------------
        -:  208:
        -:  209:  // _GLIBCXX_RESOLVE_LIB_DEFECTS
        -:  210:  // DR 809. std::swap should be overloaded for array types.
        -:  211:  /// Swap the contents of two arrays.
        -:  212:  template<typename _Tp, size_t _Nm>
        -:  213:    _GLIBCXX20_CONSTEXPR
        -:  214:    inline
        -:  215:#if __cplusplus >= 201103L
        -:  216:    typename enable_if<__is_swappable<_Tp>::value>::type
        -:  217:#else
        -:  218:    void
        -:  219:#endif
        -:  220:    swap(_Tp (&__a)[_Nm], _Tp (&__b)[_Nm])
        -:  221:    _GLIBCXX_NOEXCEPT_IF(__is_nothrow_swappable<_Tp>::value)
        -:  222:    {
        -:  223:      for (size_t __n = 0; __n < _Nm; ++__n)
        -:  224:	swap(__a[__n], __b[__n]);
        -:  225:    }
        -:  226:
        -:  227:  /// @} group utilities
        -:  228:_GLIBCXX_END_NAMESPACE_VERSION
        -:  229:} // namespace
        -:  230:
        -:  231:#endif /* _MOVE_H */
