        -:    0:Source:/usr/include/c++/11/ext/new_allocator.h
        -:    1:// Allocator that wraps operator new -*- C++ -*-
        -:    2:
        -:    3:// Copyright (C) 2001-2021 Free Software Foundation, Inc.
        -:    4://
        -:    5:// This file is part of the GNU ISO C++ Library.  This library is free
        -:    6:// software; you can redistribute it and/or modify it under the
        -:    7:// terms of the GNU General Public License as published by the
        -:    8:// Free Software Foundation; either version 3, or (at your option)
        -:    9:// any later version.
        -:   10:
        -:   11:// This library is distributed in the hope that it will be useful,
        -:   12:// but WITHOUT ANY WARRANTY; without even the implied warranty of
        -:   13:// MERCHANTABILITY or FITNESS FOR A PARTICULAR PURPOSE.  See the
        -:   14:// GNU General Public License for more details.
        -:   15:
        -:   16:// Under Section 7 of GPL version 3, you are granted additional
        -:   17:// permissions described in the GCC Runtime Library Exception, version
        -:   18:// 3.1, as published by the Free Software Foundation.
        -:   19:
        -:   20:// You should have received a copy of the GNU General Public License and
        -:   21:// a copy of the GCC Runtime Library Exception along with this program;
        -:   22:// see the files COPYING3 and COPYING.RUNTIME respectively.  If not, see
        -:   23:// <http://www.gnu.org/licenses/>.
        -:   24:
        -:   25:/** @file ext/new_allocator.h
        -:   26: *  This file is a GNU extension to the Standard C++ Library.
        -:   27: */
        -:   28:
        -:   29:#ifndef _NEW_ALLOCATOR_H
        -:   30:#define _NEW_ALLOCATOR_H 1
        -:   31:
        -:   32:#include <bits/c++config.h>
        -:   33:#include <new>
        -:   34:#include <bits/functexcept.h>
        -:   35:#include <bits/move.h>
        -:   36:#if __cplusplus >= 201103L
        -:   37:#include <type_traits>
        -:   38:#endif
        -:   39:
        -:   40:namespace __gnu_cxx _GLIBCXX_VISIBILITY(default)
        -:   41:{
        -:   42:_GLIBCXX_BEGIN_NAMESPACE_VERSION
        -:   43:
        -:   44:  /**
        -:   45:   *  @brief  An allocator that uses global new, as per C++03 [20.4.1].
        -:   46:   *  @ingroup allocators
        -:   47:   *
        -:   48:   *  This is precisely the allocator defined in the C++ Standard.
        -:   49:   *    - all allocation calls operator new
        -:   50:   *    - all deallocation calls operator delete
        -:   51:   *
        -:   52:   *  @tparam  _Tp  Type of allocated object.
        -:   53:   */
        -:   54:  template<typename _Tp>
        -:   55:    class new_allocator
        -:   56:    {
        -:   57:    public:
        -:   58:      typedef _Tp        value_type;
        -:   59:      typedef std::size_t     size_type;
        -:   60:      typedef std::ptrdiff_t  difference_type;
        -:   61:#if __cplusplus <= 201703L
        -:   62:      typedef _Tp*       pointer;
        -:   63:      typedef const _Tp* const_pointer;
        -:   64:      typedef _Tp&       reference;
        -:   65:      typedef const _Tp& const_reference;
        -:   66:
        -:   67:      template<typename _Tp1>
        -:   68:	struct rebind
        -:   69:	{ typedef new_allocator<_Tp1> other; };
        -:   70:#endif
        -:   71:
        -:   72:#if __cplusplus >= 201103L
        -:   73:      // _GLIBCXX_RESOLVE_LIB_DEFECTS
        -:   74:      // 2103. propagate_on_container_move_assignment
        -:   75:      typedef std::true_type propagate_on_container_move_assignment;
        -:   76:#endif
        -:   77:
        -:   78:      _GLIBCXX20_CONSTEXPR
    1930*:   79:      new_allocator() _GLIBCXX_USE_NOEXCEPT { }
------------------
_ZN9__gnu_cxx13new_allocatorIPNSt8__detail9_StateSeqINSt7__cxx1112regex_traitsIcEEEEEC2Ev:
       50:   79:      new_allocator() _GLIBCXX_USE_NOEXCEPT { }
------------------
_ZN9__gnu_cxx13new_allocatorIcEC2Ev:
    #####:   79:      new_allocator() _GLIBCXX_USE_NOEXCEPT { }
------------------
_ZN9__gnu_cxx13new_allocatorISt4pairIKciEEC2Ev:
       19:   79:      new_allocator() _GLIBCXX_USE_NOEXCEPT { }
------------------
_ZN9__gnu_cxx13new_allocatorImEC2Ev:
       26:   79:      new_allocator() _GLIBCXX_USE_NOEXCEPT { }
------------------
_ZN9__gnu_cxx13new_allocatorISt13_Rb_tree_nodeIcEEC2Ev:
       19:   79:      new_allocator() _GLIBCXX_USE_NOEXCEPT { }
------------------
_ZN9__gnu_cxx13new_allocatorINSt7__cxx119sub_matchINS_17__normal_iteratorIPKcNS1_12basic_stringIcSt11char_traitsIcESaIcEEEEEEEEC2Ev:
       50:   79:      new_allocator() _GLIBCXX_USE_NOEXCEPT { }
------------------
_ZN9__gnu_cxx13new_allocatorINSt8__detail4_NFAINSt7__cxx1112regex_traitsIcEEEEEC2Ev:
       25:   79:      new_allocator() _GLIBCXX_USE_NOEXCEPT { }
------------------
_ZN9__gnu_cxx13new_allocatorIPNSt8__detail15_Hash_node_baseEEC2Ev:
       38:   79:      new_allocator() _GLIBCXX_USE_NOEXCEPT { }
------------------
_ZN9__gnu_cxx13new_allocatorISt4pairINS_17__normal_iteratorIPKcNSt7__cxx1112basic_stringIcSt11char_traitsIcESaIcEEEEEiEEC2Ev:
       25:   79:      new_allocator() _GLIBCXX_USE_NOEXCEPT { }
------------------
_ZN9__gnu_cxx13new_allocatorINSt8__detail10_Hash_nodeISt4pairIKciELb0EEEEC2Ev:
       19:   79:      new_allocator() _GLIBCXX_USE_NOEXCEPT { }
------------------
_ZN9__gnu_cxx13new_allocatorINSt8__detail9_StateSeqINSt7__cxx1112regex_traitsIcEEEEEC2Ev:
       25:   79:      new_allocator() _GLIBCXX_USE_NOEXCEPT { }
------------------
_ZN9__gnu_cxx13new_allocatorINSt8__detail6_StateIcEEEC2Ev:
       25:   79:      new_allocator() _GLIBCXX_USE_NOEXCEPT { }
------------------
_ZN9__gnu_cxx13new_allocatorISt4pairIlSt6vectorINSt7__cxx119sub_matchINS_17__normal_iteratorIPKcNS3_12basic_stringIcSt11char_traitsIcESaIcEEEEEEESaISE_EEEEC2Ev:
    #####:   79:      new_allocator() _GLIBCXX_USE_NOEXCEPT { }
------------------
_ZN9__gnu_cxx13new_allocatorISt23_Sp_counted_ptr_inplaceINSt8__detail4_NFAINSt7__cxx1112regex_traitsIcEEEESaIS7_ELNS_12_Lock_policyE2EEEC2Ev:
       50:   79:      new_allocator() _GLIBCXX_USE_NOEXCEPT { }
------------------
_ZN9__gnu_cxx13new_allocatorISt13_Rb_tree_nodeISt4pairIKllEEEC2Ev:
      300:   79:      new_allocator() _GLIBCXX_USE_NOEXCEPT { }
------------------
_ZN9__gnu_cxx13new_allocatorINSt7__cxx1112basic_stringIcSt11char_traitsIcESaIcEEEEC2Ev:
       59:   79:      new_allocator() _GLIBCXX_USE_NOEXCEPT { }
------------------
_ZN9__gnu_cxx13new_allocatorISt4pairIccEEC2Ev:
    #####:   79:      new_allocator() _GLIBCXX_USE_NOEXCEPT { }
------------------
_ZN9__gnu_cxx13new_allocatorINSt7__cxx1112regex_traitsIcE10_RegexMaskEEC2Ev:
    #####:   79:      new_allocator() _GLIBCXX_USE_NOEXCEPT { }
------------------
_ZN9__gnu_cxx13new_allocatorISt4pairINSt7__cxx1112basic_stringIcSt11char_traitsIcESaIcEEES7_EEC2Ev:
    #####:   79:      new_allocator() _GLIBCXX_USE_NOEXCEPT { }
------------------
_ZN9__gnu_cxx13new_allocatorIlEC2Ev:
      400:   79:      new_allocator() _GLIBCXX_USE_NOEXCEPT { }
------------------
_ZN9__gnu_cxx13new_allocatorIPlEC2Ev:
      800:   79:      new_allocator() _GLIBCXX_USE_NOEXCEPT { }
------------------
        -:   80:
        -:   81:      _GLIBCXX20_CONSTEXPR
    2940*:   82:      new_allocator(const new_allocator&) _GLIBCXX_USE_NOEXCEPT { }
------------------
_ZN9__gnu_cxx13new_allocatorISt4pairINSt7__cxx1112basic_stringIcSt11char_traitsIcESaIcEEES7_EEC2ERKS9_:
    #####:   82:      new_allocator(const new_allocator&) _GLIBCXX_USE_NOEXCEPT { }
------------------
_ZN9__gnu_cxx13new_allocatorINSt7__cxx1112regex_traitsIcE10_RegexMaskEEC2ERKS5_:
    #####:   82:      new_allocator(const new_allocator&) _GLIBCXX_USE_NOEXCEPT { }
------------------
_ZN9__gnu_cxx13new_allocatorISt4pairIccEEC2ERKS3_:
    #####:   82:      new_allocator(const new_allocator&) _GLIBCXX_USE_NOEXCEPT { }
------------------
_ZN9__gnu_cxx13new_allocatorINSt7__cxx1112basic_stringIcSt11char_traitsIcESaIcEEEEC2ERKS7_:
     2702:   82:      new_allocator(const new_allocator&) _GLIBCXX_USE_NOEXCEPT { }
------------------
_ZN9__gnu_cxx13new_allocatorISt4pairIlSt6vectorINSt7__cxx119sub_matchINS_17__normal_iteratorIPKcNS3_12basic_stringIcSt11char_traitsIcESaIcEEEEEEESaISE_EEEEC2ERKSI_:
    #####:   82:      new_allocator(const new_allocator&) _GLIBCXX_USE_NOEXCEPT { }
------------------
_ZN9__gnu_cxx13new_allocatorINSt8__detail4_NFAINSt7__cxx1112regex_traitsIcEEEEEC2ERKS7_:
       75:   82:      new_allocator(const new_allocator&) _GLIBCXX_USE_NOEXCEPT { }
------------------
_ZN9__gnu_cxx13new_allocatorINSt8__detail10_Hash_nodeISt4pairIKciELb0EEEEC2ERKS7_:
       19:   82:      new_allocator(const new_allocator&) _GLIBCXX_USE_NOEXCEPT { }
------------------
_ZN9__gnu_cxx13new_allocatorISt4pairINS_17__normal_iteratorIPKcNSt7__cxx1112basic_stringIcSt11char_traitsIcESaIcEEEEEiEEC2ERKSD_:
       50:   82:      new_allocator(const new_allocator&) _GLIBCXX_USE_NOEXCEPT { }
------------------
_ZN9__gnu_cxx13new_allocatorINSt7__cxx119sub_matchINS_17__normal_iteratorIPKcNS1_12basic_stringIcSt11char_traitsIcESaIcEEEEEEEEC2ERKSD_:
       75:   82:      new_allocator(const new_allocator&) _GLIBCXX_USE_NOEXCEPT { }
------------------
_ZN9__gnu_cxx13new_allocatorISt13_Rb_tree_nodeIcEEC2ERKS3_:
       19:   82:      new_allocator(const new_allocator&) _GLIBCXX_USE_NOEXCEPT { }
------------------
_ZN9__gnu_cxx13new_allocatorIcEC2ERKS1_:
    #####:   82:      new_allocator(const new_allocator&) _GLIBCXX_USE_NOEXCEPT { }
------------------
        -:   83:
        -:   84:      template<typename _Tp1>
        -:   85:	_GLIBCXX20_CONSTEXPR
        -:   86:	new_allocator(const new_allocator<_Tp1>&) _GLIBCXX_USE_NOEXCEPT { }
        -:   87:
        -:   88:#if __cplusplus <= 201703L
    4870*:   89:      ~new_allocator() _GLIBCXX_USE_NOEXCEPT { }
------------------
_ZN9__gnu_cxx13new_allocatorISt4pairINS_17__normal_iteratorIPKcNSt7__cxx1112basic_stringIcSt11char_traitsIcESaIcEEEEEiEED2Ev:
       75:   89:      ~new_allocator() _GLIBCXX_USE_NOEXCEPT { }
------------------
_ZN9__gnu_cxx13new_allocatorIcED2Ev:
    #####:   89:      ~new_allocator() _GLIBCXX_USE_NOEXCEPT { }
------------------
_ZN9__gnu_cxx13new_allocatorImED2Ev:
       26:   89:      ~new_allocator() _GLIBCXX_USE_NOEXCEPT { }
------------------
_ZN9__gnu_cxx13new_allocatorISt4pairIKciEED2Ev:
       19:   89:      ~new_allocator() _GLIBCXX_USE_NOEXCEPT { }
------------------
_ZN9__gnu_cxx13new_allocatorINSt8__detail10_Hash_nodeISt4pairIKciELb0EEEED2Ev:
       38:   89:      ~new_allocator() _GLIBCXX_USE_NOEXCEPT { }
------------------
_ZN9__gnu_cxx13new_allocatorISt13_Rb_tree_nodeIcEED2Ev:
       38:   89:      ~new_allocator() _GLIBCXX_USE_NOEXCEPT { }
------------------
_ZN9__gnu_cxx13new_allocatorINSt7__cxx119sub_matchINS_17__normal_iteratorIPKcNS1_12basic_stringIcSt11char_traitsIcESaIcEEEEEEEED2Ev:
      125:   89:      ~new_allocator() _GLIBCXX_USE_NOEXCEPT { }
------------------
_ZN9__gnu_cxx13new_allocatorINSt8__detail4_NFAINSt7__cxx1112regex_traitsIcEEEEED2Ev:
      100:   89:      ~new_allocator() _GLIBCXX_USE_NOEXCEPT { }
------------------
_ZN9__gnu_cxx13new_allocatorINSt8__detail9_StateSeqINSt7__cxx1112regex_traitsIcEEEEED2Ev:
       25:   89:      ~new_allocator() _GLIBCXX_USE_NOEXCEPT { }
------------------
_ZN9__gnu_cxx13new_allocatorIPNSt8__detail15_Hash_node_baseEED2Ev:
       38:   89:      ~new_allocator() _GLIBCXX_USE_NOEXCEPT { }
------------------
_ZN9__gnu_cxx13new_allocatorIPNSt8__detail9_StateSeqINSt7__cxx1112regex_traitsIcEEEEED2Ev:
       50:   89:      ~new_allocator() _GLIBCXX_USE_NOEXCEPT { }
------------------
_ZN9__gnu_cxx13new_allocatorINSt8__detail6_StateIcEEED2Ev:
       25:   89:      ~new_allocator() _GLIBCXX_USE_NOEXCEPT { }
------------------
_ZN9__gnu_cxx13new_allocatorISt4pairIlSt6vectorINSt7__cxx119sub_matchINS_17__normal_iteratorIPKcNS3_12basic_stringIcSt11char_traitsIcESaIcEEEEEEESaISE_EEEED2Ev:
    #####:   89:      ~new_allocator() _GLIBCXX_USE_NOEXCEPT { }
------------------
_ZN9__gnu_cxx13new_allocatorISt23_Sp_counted_ptr_inplaceINSt8__detail4_NFAINSt7__cxx1112regex_traitsIcEEEESaIS7_ELNS_12_Lock_policyE2EEED2Ev:
       50:   89:      ~new_allocator() _GLIBCXX_USE_NOEXCEPT { }
------------------
_ZN9__gnu_cxx13new_allocatorISt13_Rb_tree_nodeISt4pairIKllEEED2Ev:
      300:   89:      ~new_allocator() _GLIBCXX_USE_NOEXCEPT { }
------------------
_ZN9__gnu_cxx13new_allocatorINSt7__cxx1112basic_stringIcSt11char_traitsIcESaIcEEEED2Ev:
     2761:   89:      ~new_allocator() _GLIBCXX_USE_NOEXCEPT { }
------------------
_ZN9__gnu_cxx13new_allocatorISt4pairIccEED2Ev:
    #####:   89:      ~new_allocator() _GLIBCXX_USE_NOEXCEPT { }
------------------
_ZN9__gnu_cxx13new_allocatorINSt7__cxx1112regex_traitsIcE10_RegexMaskEED2Ev:
    #####:   89:      ~new_allocator() _GLIBCXX_USE_NOEXCEPT { }
------------------
_ZN9__gnu_cxx13new_allocatorISt4pairINSt7__cxx1112basic_stringIcSt11char_traitsIcESaIcEEES7_EED2Ev:
    #####:   89:      ~new_allocator() _GLIBCXX_USE_NOEXCEPT { }
------------------
_ZN9__gnu_cxx13new_allocatorIlED2Ev:
      400:   89:      ~new_allocator() _GLIBCXX_USE_NOEXCEPT { }
------------------
_ZN9__gnu_cxx13new_allocatorIPlED2Ev:
      800:   89:      ~new_allocator() _GLIBCXX_USE_NOEXCEPT { }
------------------
        -:   90:
        -:   91:      pointer
        -:   92:      address(reference __x) const _GLIBCXX_NOEXCEPT
        -:   93:      { return std::__addressof(__x); }
        -:   94:
        -:   95:      const_pointer
        -:   96:      address(const_reference __x) const _GLIBCXX_NOEXCEPT
        -:   97:      { return std::__addressof(__x); }
        -:   98:#endif
        -:   99:
        -:  100:      // NB: __n is permitted to be 0.  The C++ standard says nothing
        -:  101:      // about what the return value is when __n == 0.
        -:  102:      _GLIBCXX_NODISCARD _Tp*
    2942*:  103:      allocate(size_type __n, const void* = static_cast<const void*>(0))
        -:  104:      {
        -:  105:#if __cplusplus >= 201103L
        -:  106:	 // _GLIBCXX_RESOLVE_LIB_DEFECTS
        -:  107:	 // 3308. std::allocator<void>().allocate(n)
        -:  108:	 static_assert(sizeof(_Tp) != 0, "cannot allocate incomplete types");
        -:  109:#endif
        -:  110:
    2942*:  111:	if (__builtin_expect(__n > this->_M_max_size(), false))
        -:  112:	  {
        -:  113:	    // _GLIBCXX_RESOLVE_LIB_DEFECTS
        -:  114:	    // 3190. allocator::allocate sometimes returns too little storage
    #####:  115:	    if (__n > (std::size_t(-1) / sizeof(_Tp)))
    #####:  116:	      std::__throw_bad_array_new_length();
    #####:  117:	    std::__throw_bad_alloc();
        -:  118:	  }
        -:  119:
        -:  120:#if __cpp_aligned_new
        -:  121:	if (alignof(_Tp) > __STDCPP_DEFAULT_NEW_ALIGNMENT__)
        -:  122:	  {
        -:  123:	    std::align_val_t __al = std::align_val_t(alignof(_Tp));
        -:  124:	    return static_cast<_Tp*>(::operator new(__n * sizeof(_Tp), __al));
        -:  125:	  }
        -:  126:#endif
    2942*:  127:	return static_cast<_Tp*>(::operator new(__n * sizeof(_Tp)));
        -:  128:      }
------------------
_ZN9__gnu_cxx13new_allocatorISt4pairINS_17__normal_iteratorIPKcNSt7__cxx1112basic_stringIcSt11char_traitsIcESaIcEEEEEiEE8allocateEmPKv:
       25:  103:      allocate(size_type __n, const void* = static_cast<const void*>(0))
        -:  104:      {
        -:  105:#if __cplusplus >= 201103L
        -:  106:	 // _GLIBCXX_RESOLVE_LIB_DEFECTS
        -:  107:	 // 3308. std::allocator<void>().allocate(n)
        -:  108:	 static_assert(sizeof(_Tp) != 0, "cannot allocate incomplete types");
        -:  109:#endif
        -:  110:
       25:  111:	if (__builtin_expect(__n > this->_M_max_size(), false))
        -:  112:	  {
        -:  113:	    // _GLIBCXX_RESOLVE_LIB_DEFECTS
        -:  114:	    // 3190. allocator::allocate sometimes returns too little storage
    #####:  115:	    if (__n > (std::size_t(-1) / sizeof(_Tp)))
    #####:  116:	      std::__throw_bad_array_new_length();
    #####:  117:	    std::__throw_bad_alloc();
        -:  118:	  }
        -:  119:
        -:  120:#if __cpp_aligned_new
        -:  121:	if (alignof(_Tp) > __STDCPP_DEFAULT_NEW_ALIGNMENT__)
        -:  122:	  {
        -:  123:	    std::align_val_t __al = std::align_val_t(alignof(_Tp));
        -:  124:	    return static_cast<_Tp*>(::operator new(__n * sizeof(_Tp), __al));
        -:  125:	  }
        -:  126:#endif
       25:  127:	return static_cast<_Tp*>(::operator new(__n * sizeof(_Tp)));
        -:  128:      }
------------------
_ZN9__gnu_cxx13new_allocatorINSt8__detail10_Hash_nodeISt4pairIKciELb0EEEE8allocateEmPKv:
      133:  103:      allocate(size_type __n, const void* = static_cast<const void*>(0))
        -:  104:      {
        -:  105:#if __cplusplus >= 201103L
        -:  106:	 // _GLIBCXX_RESOLVE_LIB_DEFECTS
        -:  107:	 // 3308. std::allocator<void>().allocate(n)
        -:  108:	 static_assert(sizeof(_Tp) != 0, "cannot allocate incomplete types");
        -:  109:#endif
        -:  110:
      133:  111:	if (__builtin_expect(__n > this->_M_max_size(), false))
        -:  112:	  {
        -:  113:	    // _GLIBCXX_RESOLVE_LIB_DEFECTS
        -:  114:	    // 3190. allocator::allocate sometimes returns too little storage
    #####:  115:	    if (__n > (std::size_t(-1) / sizeof(_Tp)))
    #####:  116:	      std::__throw_bad_array_new_length();
    #####:  117:	    std::__throw_bad_alloc();
        -:  118:	  }
        -:  119:
        -:  120:#if __cpp_aligned_new
        -:  121:	if (alignof(_Tp) > __STDCPP_DEFAULT_NEW_ALIGNMENT__)
        -:  122:	  {
        -:  123:	    std::align_val_t __al = std::align_val_t(alignof(_Tp));
        -:  124:	    return static_cast<_Tp*>(::operator new(__n * sizeof(_Tp), __al));
        -:  125:	  }
        -:  126:#endif
      133:  127:	return static_cast<_Tp*>(::operator new(__n * sizeof(_Tp)));
        -:  128:      }
------------------
_ZN9__gnu_cxx13new_allocatorIcE8allocateEmPKv:
    #####:  103:      allocate(size_type __n, const void* = static_cast<const void*>(0))
        -:  104:      {
        -:  105:#if __cplusplus >= 201103L
        -:  106:	 // _GLIBCXX_RESOLVE_LIB_DEFECTS
        -:  107:	 // 3308. std::allocator<void>().allocate(n)
        -:  108:	 static_assert(sizeof(_Tp) != 0, "cannot allocate incomplete types");
        -:  109:#endif
        -:  110:
    #####:  111:	if (__builtin_expect(__n > this->_M_max_size(), false))
        -:  112:	  {
        -:  113:	    // _GLIBCXX_RESOLVE_LIB_DEFECTS
        -:  114:	    // 3190. allocator::allocate sometimes returns too little storage
        -:  115:	    if (__n > (std::size_t(-1) / sizeof(_Tp)))
        -:  116:	      std::__throw_bad_array_new_length();
    #####:  117:	    std::__throw_bad_alloc();
        -:  118:	  }
        -:  119:
        -:  120:#if __cpp_aligned_new
        -:  121:	if (alignof(_Tp) > __STDCPP_DEFAULT_NEW_ALIGNMENT__)
        -:  122:	  {
        -:  123:	    std::align_val_t __al = std::align_val_t(alignof(_Tp));
        -:  124:	    return static_cast<_Tp*>(::operator new(__n * sizeof(_Tp), __al));
        -:  125:	  }
        -:  126:#endif
    #####:  127:	return static_cast<_Tp*>(::operator new(__n * sizeof(_Tp)));
        -:  128:      }
------------------
_ZN9__gnu_cxx13new_allocatorIPNSt8__detail15_Hash_node_baseEE8allocateEmPKv:
       19:  103:      allocate(size_type __n, const void* = static_cast<const void*>(0))
        -:  104:      {
        -:  105:#if __cplusplus >= 201103L
        -:  106:	 // _GLIBCXX_RESOLVE_LIB_DEFECTS
        -:  107:	 // 3308. std::allocator<void>().allocate(n)
        -:  108:	 static_assert(sizeof(_Tp) != 0, "cannot allocate incomplete types");
        -:  109:#endif
        -:  110:
       19:  111:	if (__builtin_expect(__n > this->_M_max_size(), false))
        -:  112:	  {
        -:  113:	    // _GLIBCXX_RESOLVE_LIB_DEFECTS
        -:  114:	    // 3190. allocator::allocate sometimes returns too little storage
    #####:  115:	    if (__n > (std::size_t(-1) / sizeof(_Tp)))
    #####:  116:	      std::__throw_bad_array_new_length();
    #####:  117:	    std::__throw_bad_alloc();
        -:  118:	  }
        -:  119:
        -:  120:#if __cpp_aligned_new
        -:  121:	if (alignof(_Tp) > __STDCPP_DEFAULT_NEW_ALIGNMENT__)
        -:  122:	  {
        -:  123:	    std::align_val_t __al = std::align_val_t(alignof(_Tp));
        -:  124:	    return static_cast<_Tp*>(::operator new(__n * sizeof(_Tp), __al));
        -:  125:	  }
        -:  126:#endif
       19:  127:	return static_cast<_Tp*>(::operator new(__n * sizeof(_Tp)));
        -:  128:      }
------------------
_ZN9__gnu_cxx13new_allocatorIPNSt8__detail9_StateSeqINSt7__cxx1112regex_traitsIcEEEEE8allocateEmPKv:
       25:  103:      allocate(size_type __n, const void* = static_cast<const void*>(0))
        -:  104:      {
        -:  105:#if __cplusplus >= 201103L
        -:  106:	 // _GLIBCXX_RESOLVE_LIB_DEFECTS
        -:  107:	 // 3308. std::allocator<void>().allocate(n)
        -:  108:	 static_assert(sizeof(_Tp) != 0, "cannot allocate incomplete types");
        -:  109:#endif
        -:  110:
       25:  111:	if (__builtin_expect(__n > this->_M_max_size(), false))
        -:  112:	  {
        -:  113:	    // _GLIBCXX_RESOLVE_LIB_DEFECTS
        -:  114:	    // 3190. allocator::allocate sometimes returns too little storage
    #####:  115:	    if (__n > (std::size_t(-1) / sizeof(_Tp)))
    #####:  116:	      std::__throw_bad_array_new_length();
    #####:  117:	    std::__throw_bad_alloc();
        -:  118:	  }
        -:  119:
        -:  120:#if __cpp_aligned_new
        -:  121:	if (alignof(_Tp) > __STDCPP_DEFAULT_NEW_ALIGNMENT__)
        -:  122:	  {
        -:  123:	    std::align_val_t __al = std::align_val_t(alignof(_Tp));
        -:  124:	    return static_cast<_Tp*>(::operator new(__n * sizeof(_Tp), __al));
        -:  125:	  }
        -:  126:#endif
       25:  127:	return static_cast<_Tp*>(::operator new(__n * sizeof(_Tp)));
        -:  128:      }
------------------
_ZN9__gnu_cxx13new_allocatorImE8allocateEmPKv:
       50:  103:      allocate(size_type __n, const void* = static_cast<const void*>(0))
        -:  104:      {
        -:  105:#if __cplusplus >= 201103L
        -:  106:	 // _GLIBCXX_RESOLVE_LIB_DEFECTS
        -:  107:	 // 3308. std::allocator<void>().allocate(n)
        -:  108:	 static_assert(sizeof(_Tp) != 0, "cannot allocate incomplete types");
        -:  109:#endif
        -:  110:
       50:  111:	if (__builtin_expect(__n > this->_M_max_size(), false))
        -:  112:	  {
        -:  113:	    // _GLIBCXX_RESOLVE_LIB_DEFECTS
        -:  114:	    // 3190. allocator::allocate sometimes returns too little storage
    #####:  115:	    if (__n > (std::size_t(-1) / sizeof(_Tp)))
    #####:  116:	      std::__throw_bad_array_new_length();
    #####:  117:	    std::__throw_bad_alloc();
        -:  118:	  }
        -:  119:
        -:  120:#if __cpp_aligned_new
        -:  121:	if (alignof(_Tp) > __STDCPP_DEFAULT_NEW_ALIGNMENT__)
        -:  122:	  {
        -:  123:	    std::align_val_t __al = std::align_val_t(alignof(_Tp));
        -:  124:	    return static_cast<_Tp*>(::operator new(__n * sizeof(_Tp), __al));
        -:  125:	  }
        -:  126:#endif
       50:  127:	return static_cast<_Tp*>(::operator new(__n * sizeof(_Tp)));
        -:  128:      }
------------------
_ZN9__gnu_cxx13new_allocatorISt13_Rb_tree_nodeIcEE8allocateEmPKv:
      133:  103:      allocate(size_type __n, const void* = static_cast<const void*>(0))
        -:  104:      {
        -:  105:#if __cplusplus >= 201103L
        -:  106:	 // _GLIBCXX_RESOLVE_LIB_DEFECTS
        -:  107:	 // 3308. std::allocator<void>().allocate(n)
        -:  108:	 static_assert(sizeof(_Tp) != 0, "cannot allocate incomplete types");
        -:  109:#endif
        -:  110:
      133:  111:	if (__builtin_expect(__n > this->_M_max_size(), false))
        -:  112:	  {
        -:  113:	    // _GLIBCXX_RESOLVE_LIB_DEFECTS
        -:  114:	    // 3190. allocator::allocate sometimes returns too little storage
    #####:  115:	    if (__n > (std::size_t(-1) / sizeof(_Tp)))
    #####:  116:	      std::__throw_bad_array_new_length();
    #####:  117:	    std::__throw_bad_alloc();
        -:  118:	  }
        -:  119:
        -:  120:#if __cpp_aligned_new
        -:  121:	if (alignof(_Tp) > __STDCPP_DEFAULT_NEW_ALIGNMENT__)
        -:  122:	  {
        -:  123:	    std::align_val_t __al = std::align_val_t(alignof(_Tp));
        -:  124:	    return static_cast<_Tp*>(::operator new(__n * sizeof(_Tp), __al));
        -:  125:	  }
        -:  126:#endif
      133:  127:	return static_cast<_Tp*>(::operator new(__n * sizeof(_Tp)));
        -:  128:      }
------------------
_ZN9__gnu_cxx13new_allocatorINSt8__detail9_StateSeqINSt7__cxx1112regex_traitsIcEEEEE8allocateEmPKv:
       25:  103:      allocate(size_type __n, const void* = static_cast<const void*>(0))
        -:  104:      {
        -:  105:#if __cplusplus >= 201103L
        -:  106:	 // _GLIBCXX_RESOLVE_LIB_DEFECTS
        -:  107:	 // 3308. std::allocator<void>().allocate(n)
        -:  108:	 static_assert(sizeof(_Tp) != 0, "cannot allocate incomplete types");
        -:  109:#endif
        -:  110:
       25:  111:	if (__builtin_expect(__n > this->_M_max_size(), false))
        -:  112:	  {
        -:  113:	    // _GLIBCXX_RESOLVE_LIB_DEFECTS
        -:  114:	    // 3190. allocator::allocate sometimes returns too little storage
    #####:  115:	    if (__n > (std::size_t(-1) / sizeof(_Tp)))
    #####:  116:	      std::__throw_bad_array_new_length();
    #####:  117:	    std::__throw_bad_alloc();
        -:  118:	  }
        -:  119:
        -:  120:#if __cpp_aligned_new
        -:  121:	if (alignof(_Tp) > __STDCPP_DEFAULT_NEW_ALIGNMENT__)
        -:  122:	  {
        -:  123:	    std::align_val_t __al = std::align_val_t(alignof(_Tp));
        -:  124:	    return static_cast<_Tp*>(::operator new(__n * sizeof(_Tp), __al));
        -:  125:	  }
        -:  126:#endif
       25:  127:	return static_cast<_Tp*>(::operator new(__n * sizeof(_Tp)));
        -:  128:      }
------------------
_ZN9__gnu_cxx13new_allocatorISt23_Sp_counted_ptr_inplaceINSt8__detail4_NFAINSt7__cxx1112regex_traitsIcEEEESaIS7_ELNS_12_Lock_policyE2EEE8allocateEmPKv:
       25:  103:      allocate(size_type __n, const void* = static_cast<const void*>(0))
        -:  104:      {
        -:  105:#if __cplusplus >= 201103L
        -:  106:	 // _GLIBCXX_RESOLVE_LIB_DEFECTS
        -:  107:	 // 3308. std::allocator<void>().allocate(n)
        -:  108:	 static_assert(sizeof(_Tp) != 0, "cannot allocate incomplete types");
        -:  109:#endif
        -:  110:
       25:  111:	if (__builtin_expect(__n > this->_M_max_size(), false))
        -:  112:	  {
        -:  113:	    // _GLIBCXX_RESOLVE_LIB_DEFECTS
        -:  114:	    // 3190. allocator::allocate sometimes returns too little storage
    #####:  115:	    if (__n > (std::size_t(-1) / sizeof(_Tp)))
    #####:  116:	      std::__throw_bad_array_new_length();
    #####:  117:	    std::__throw_bad_alloc();
        -:  118:	  }
        -:  119:
        -:  120:#if __cpp_aligned_new
        -:  121:	if (alignof(_Tp) > __STDCPP_DEFAULT_NEW_ALIGNMENT__)
        -:  122:	  {
        -:  123:	    std::align_val_t __al = std::align_val_t(alignof(_Tp));
        -:  124:	    return static_cast<_Tp*>(::operator new(__n * sizeof(_Tp), __al));
        -:  125:	  }
        -:  126:#endif
       25:  127:	return static_cast<_Tp*>(::operator new(__n * sizeof(_Tp)));
        -:  128:      }
------------------
_ZN9__gnu_cxx13new_allocatorINSt8__detail6_StateIcEEE8allocateEmPKv:
      200:  103:      allocate(size_type __n, const void* = static_cast<const void*>(0))
        -:  104:      {
        -:  105:#if __cplusplus >= 201103L
        -:  106:	 // _GLIBCXX_RESOLVE_LIB_DEFECTS
        -:  107:	 // 3308. std::allocator<void>().allocate(n)
        -:  108:	 static_assert(sizeof(_Tp) != 0, "cannot allocate incomplete types");
        -:  109:#endif
        -:  110:
      200:  111:	if (__builtin_expect(__n > this->_M_max_size(), false))
        -:  112:	  {
        -:  113:	    // _GLIBCXX_RESOLVE_LIB_DEFECTS
        -:  114:	    // 3190. allocator::allocate sometimes returns too little storage
    #####:  115:	    if (__n > (std::size_t(-1) / sizeof(_Tp)))
    #####:  116:	      std::__throw_bad_array_new_length();
    #####:  117:	    std::__throw_bad_alloc();
        -:  118:	  }
        -:  119:
        -:  120:#if __cpp_aligned_new
        -:  121:	if (alignof(_Tp) > __STDCPP_DEFAULT_NEW_ALIGNMENT__)
        -:  122:	  {
        -:  123:	    std::align_val_t __al = std::align_val_t(alignof(_Tp));
        -:  124:	    return static_cast<_Tp*>(::operator new(__n * sizeof(_Tp), __al));
        -:  125:	  }
        -:  126:#endif
      200:  127:	return static_cast<_Tp*>(::operator new(__n * sizeof(_Tp)));
        -:  128:      }
------------------
_ZN9__gnu_cxx13new_allocatorISt4pairINSt7__cxx1112basic_stringIcSt11char_traitsIcESaIcEEES7_EE8allocateEmPKv:
    #####:  103:      allocate(size_type __n, const void* = static_cast<const void*>(0))
        -:  104:      {
        -:  105:#if __cplusplus >= 201103L
        -:  106:	 // _GLIBCXX_RESOLVE_LIB_DEFECTS
        -:  107:	 // 3308. std::allocator<void>().allocate(n)
        -:  108:	 static_assert(sizeof(_Tp) != 0, "cannot allocate incomplete types");
        -:  109:#endif
        -:  110:
    #####:  111:	if (__builtin_expect(__n > this->_M_max_size(), false))
        -:  112:	  {
        -:  113:	    // _GLIBCXX_RESOLVE_LIB_DEFECTS
        -:  114:	    // 3190. allocator::allocate sometimes returns too little storage
    #####:  115:	    if (__n > (std::size_t(-1) / sizeof(_Tp)))
    #####:  116:	      std::__throw_bad_array_new_length();
    #####:  117:	    std::__throw_bad_alloc();
        -:  118:	  }
        -:  119:
        -:  120:#if __cpp_aligned_new
        -:  121:	if (alignof(_Tp) > __STDCPP_DEFAULT_NEW_ALIGNMENT__)
        -:  122:	  {
        -:  123:	    std::align_val_t __al = std::align_val_t(alignof(_Tp));
        -:  124:	    return static_cast<_Tp*>(::operator new(__n * sizeof(_Tp), __al));
        -:  125:	  }
        -:  126:#endif
    #####:  127:	return static_cast<_Tp*>(::operator new(__n * sizeof(_Tp)));
        -:  128:      }
------------------
_ZN9__gnu_cxx13new_allocatorINSt7__cxx119sub_matchINS_17__normal_iteratorIPKcNS1_12basic_stringIcSt11char_traitsIcESaIcEEEEEEEE8allocateEmPKv:
       50:  103:      allocate(size_type __n, const void* = static_cast<const void*>(0))
        -:  104:      {
        -:  105:#if __cplusplus >= 201103L
        -:  106:	 // _GLIBCXX_RESOLVE_LIB_DEFECTS
        -:  107:	 // 3308. std::allocator<void>().allocate(n)
        -:  108:	 static_assert(sizeof(_Tp) != 0, "cannot allocate incomplete types");
        -:  109:#endif
        -:  110:
       50:  111:	if (__builtin_expect(__n > this->_M_max_size(), false))
        -:  112:	  {
        -:  113:	    // _GLIBCXX_RESOLVE_LIB_DEFECTS
        -:  114:	    // 3190. allocator::allocate sometimes returns too little storage
    #####:  115:	    if (__n > (std::size_t(-1) / sizeof(_Tp)))
    #####:  116:	      std::__throw_bad_array_new_length();
    #####:  117:	    std::__throw_bad_alloc();
        -:  118:	  }
        -:  119:
        -:  120:#if __cpp_aligned_new
        -:  121:	if (alignof(_Tp) > __STDCPP_DEFAULT_NEW_ALIGNMENT__)
        -:  122:	  {
        -:  123:	    std::align_val_t __al = std::align_val_t(alignof(_Tp));
        -:  124:	    return static_cast<_Tp*>(::operator new(__n * sizeof(_Tp), __al));
        -:  125:	  }
        -:  126:#endif
       50:  127:	return static_cast<_Tp*>(::operator new(__n * sizeof(_Tp)));
        -:  128:      }
------------------
_ZN9__gnu_cxx13new_allocatorIPlE8allocateEmPKv:
      400:  103:      allocate(size_type __n, const void* = static_cast<const void*>(0))
        -:  104:      {
        -:  105:#if __cplusplus >= 201103L
        -:  106:	 // _GLIBCXX_RESOLVE_LIB_DEFECTS
        -:  107:	 // 3308. std::allocator<void>().allocate(n)
        -:  108:	 static_assert(sizeof(_Tp) != 0, "cannot allocate incomplete types");
        -:  109:#endif
        -:  110:
      400:  111:	if (__builtin_expect(__n > this->_M_max_size(), false))
        -:  112:	  {
        -:  113:	    // _GLIBCXX_RESOLVE_LIB_DEFECTS
        -:  114:	    // 3190. allocator::allocate sometimes returns too little storage
    #####:  115:	    if (__n > (std::size_t(-1) / sizeof(_Tp)))
    #####:  116:	      std::__throw_bad_array_new_length();
    #####:  117:	    std::__throw_bad_alloc();
        -:  118:	  }
        -:  119:
        -:  120:#if __cpp_aligned_new
        -:  121:	if (alignof(_Tp) > __STDCPP_DEFAULT_NEW_ALIGNMENT__)
        -:  122:	  {
        -:  123:	    std::align_val_t __al = std::align_val_t(alignof(_Tp));
        -:  124:	    return static_cast<_Tp*>(::operator new(__n * sizeof(_Tp), __al));
        -:  125:	  }
        -:  126:#endif
      400:  127:	return static_cast<_Tp*>(::operator new(__n * sizeof(_Tp)));
        -:  128:      }
------------------
_ZN9__gnu_cxx13new_allocatorIlE8allocateEmPKv:
      400:  103:      allocate(size_type __n, const void* = static_cast<const void*>(0))
        -:  104:      {
        -:  105:#if __cplusplus >= 201103L
        -:  106:	 // _GLIBCXX_RESOLVE_LIB_DEFECTS
        -:  107:	 // 3308. std::allocator<void>().allocate(n)
        -:  108:	 static_assert(sizeof(_Tp) != 0, "cannot allocate incomplete types");
        -:  109:#endif
        -:  110:
      400:  111:	if (__builtin_expect(__n > this->_M_max_size(), false))
        -:  112:	  {
        -:  113:	    // _GLIBCXX_RESOLVE_LIB_DEFECTS
        -:  114:	    // 3190. allocator::allocate sometimes returns too little storage
    #####:  115:	    if (__n > (std::size_t(-1) / sizeof(_Tp)))
    #####:  116:	      std::__throw_bad_array_new_length();
    #####:  117:	    std::__throw_bad_alloc();
        -:  118:	  }
        -:  119:
        -:  120:#if __cpp_aligned_new
        -:  121:	if (alignof(_Tp) > __STDCPP_DEFAULT_NEW_ALIGNMENT__)
        -:  122:	  {
        -:  123:	    std::align_val_t __al = std::align_val_t(alignof(_Tp));
        -:  124:	    return static_cast<_Tp*>(::operator new(__n * sizeof(_Tp), __al));
        -:  125:	  }
        -:  126:#endif
      400:  127:	return static_cast<_Tp*>(::operator new(__n * sizeof(_Tp)));
        -:  128:      }
------------------
_ZN9__gnu_cxx13new_allocatorISt4pairIlSt6vectorINSt7__cxx119sub_matchINS_17__normal_iteratorIPKcNS3_12basic_stringIcSt11char_traitsIcESaIcEEEEEEESaISE_EEEE8allocateEmPKv:
    #####:  103:      allocate(size_type __n, const void* = static_cast<const void*>(0))
        -:  104:      {
        -:  105:#if __cplusplus >= 201103L
        -:  106:	 // _GLIBCXX_RESOLVE_LIB_DEFECTS
        -:  107:	 // 3308. std::allocator<void>().allocate(n)
        -:  108:	 static_assert(sizeof(_Tp) != 0, "cannot allocate incomplete types");
        -:  109:#endif
        -:  110:
    #####:  111:	if (__builtin_expect(__n > this->_M_max_size(), false))
        -:  112:	  {
        -:  113:	    // _GLIBCXX_RESOLVE_LIB_DEFECTS
        -:  114:	    // 3190. allocator::allocate sometimes returns too little storage
    #####:  115:	    if (__n > (std::size_t(-1) / sizeof(_Tp)))
    #####:  116:	      std::__throw_bad_array_new_length();
    #####:  117:	    std::__throw_bad_alloc();
        -:  118:	  }
        -:  119:
        -:  120:#if __cpp_aligned_new
        -:  121:	if (alignof(_Tp) > __STDCPP_DEFAULT_NEW_ALIGNMENT__)
        -:  122:	  {
        -:  123:	    std::align_val_t __al = std::align_val_t(alignof(_Tp));
        -:  124:	    return static_cast<_Tp*>(::operator new(__n * sizeof(_Tp), __al));
        -:  125:	  }
        -:  126:#endif
    #####:  127:	return static_cast<_Tp*>(::operator new(__n * sizeof(_Tp)));
        -:  128:      }
------------------
_ZN9__gnu_cxx13new_allocatorINSt7__cxx1112regex_traitsIcE10_RegexMaskEE8allocateEmPKv:
    #####:  103:      allocate(size_type __n, const void* = static_cast<const void*>(0))
        -:  104:      {
        -:  105:#if __cplusplus >= 201103L
        -:  106:	 // _GLIBCXX_RESOLVE_LIB_DEFECTS
        -:  107:	 // 3308. std::allocator<void>().allocate(n)
        -:  108:	 static_assert(sizeof(_Tp) != 0, "cannot allocate incomplete types");
        -:  109:#endif
        -:  110:
    #####:  111:	if (__builtin_expect(__n > this->_M_max_size(), false))
        -:  112:	  {
        -:  113:	    // _GLIBCXX_RESOLVE_LIB_DEFECTS
        -:  114:	    // 3190. allocator::allocate sometimes returns too little storage
    #####:  115:	    if (__n > (std::size_t(-1) / sizeof(_Tp)))
    #####:  116:	      std::__throw_bad_array_new_length();
    #####:  117:	    std::__throw_bad_alloc();
        -:  118:	  }
        -:  119:
        -:  120:#if __cpp_aligned_new
        -:  121:	if (alignof(_Tp) > __STDCPP_DEFAULT_NEW_ALIGNMENT__)
        -:  122:	  {
        -:  123:	    std::align_val_t __al = std::align_val_t(alignof(_Tp));
        -:  124:	    return static_cast<_Tp*>(::operator new(__n * sizeof(_Tp), __al));
        -:  125:	  }
        -:  126:#endif
    #####:  127:	return static_cast<_Tp*>(::operator new(__n * sizeof(_Tp)));
        -:  128:      }
------------------
_ZN9__gnu_cxx13new_allocatorISt13_Rb_tree_nodeISt4pairIKllEEE8allocateEmPKv:
      300:  103:      allocate(size_type __n, const void* = static_cast<const void*>(0))
        -:  104:      {
        -:  105:#if __cplusplus >= 201103L
        -:  106:	 // _GLIBCXX_RESOLVE_LIB_DEFECTS
        -:  107:	 // 3308. std::allocator<void>().allocate(n)
        -:  108:	 static_assert(sizeof(_Tp) != 0, "cannot allocate incomplete types");
        -:  109:#endif
        -:  110:
      300:  111:	if (__builtin_expect(__n > this->_M_max_size(), false))
        -:  112:	  {
        -:  113:	    // _GLIBCXX_RESOLVE_LIB_DEFECTS
        -:  114:	    // 3190. allocator::allocate sometimes returns too little storage
    #####:  115:	    if (__n > (std::size_t(-1) / sizeof(_Tp)))
    #####:  116:	      std::__throw_bad_array_new_length();
    #####:  117:	    std::__throw_bad_alloc();
        -:  118:	  }
        -:  119:
        -:  120:#if __cpp_aligned_new
        -:  121:	if (alignof(_Tp) > __STDCPP_DEFAULT_NEW_ALIGNMENT__)
        -:  122:	  {
        -:  123:	    std::align_val_t __al = std::align_val_t(alignof(_Tp));
        -:  124:	    return static_cast<_Tp*>(::operator new(__n * sizeof(_Tp), __al));
        -:  125:	  }
        -:  126:#endif
      300:  127:	return static_cast<_Tp*>(::operator new(__n * sizeof(_Tp)));
        -:  128:      }
------------------
_ZN9__gnu_cxx13new_allocatorINSt7__cxx1112basic_stringIcSt11char_traitsIcESaIcEEEE8allocateEmPKv:
     1157:  103:      allocate(size_type __n, const void* = static_cast<const void*>(0))
        -:  104:      {
        -:  105:#if __cplusplus >= 201103L
        -:  106:	 // _GLIBCXX_RESOLVE_LIB_DEFECTS
        -:  107:	 // 3308. std::allocator<void>().allocate(n)
        -:  108:	 static_assert(sizeof(_Tp) != 0, "cannot allocate incomplete types");
        -:  109:#endif
        -:  110:
     1157:  111:	if (__builtin_expect(__n > this->_M_max_size(), false))
        -:  112:	  {
        -:  113:	    // _GLIBCXX_RESOLVE_LIB_DEFECTS
        -:  114:	    // 3190. allocator::allocate sometimes returns too little storage
    #####:  115:	    if (__n > (std::size_t(-1) / sizeof(_Tp)))
    #####:  116:	      std::__throw_bad_array_new_length();
    #####:  117:	    std::__throw_bad_alloc();
        -:  118:	  }
        -:  119:
        -:  120:#if __cpp_aligned_new
        -:  121:	if (alignof(_Tp) > __STDCPP_DEFAULT_NEW_ALIGNMENT__)
        -:  122:	  {
        -:  123:	    std::align_val_t __al = std::align_val_t(alignof(_Tp));
        -:  124:	    return static_cast<_Tp*>(::operator new(__n * sizeof(_Tp), __al));
        -:  125:	  }
        -:  126:#endif
     1157:  127:	return static_cast<_Tp*>(::operator new(__n * sizeof(_Tp)));
        -:  128:      }
------------------
_ZN9__gnu_cxx13new_allocatorISt4pairIccEE8allocateEmPKv:
    #####:  103:      allocate(size_type __n, const void* = static_cast<const void*>(0))
        -:  104:      {
        -:  105:#if __cplusplus >= 201103L
        -:  106:	 // _GLIBCXX_RESOLVE_LIB_DEFECTS
        -:  107:	 // 3308. std::allocator<void>().allocate(n)
        -:  108:	 static_assert(sizeof(_Tp) != 0, "cannot allocate incomplete types");
        -:  109:#endif
        -:  110:
    #####:  111:	if (__builtin_expect(__n > this->_M_max_size(), false))
        -:  112:	  {
        -:  113:	    // _GLIBCXX_RESOLVE_LIB_DEFECTS
        -:  114:	    // 3190. allocator::allocate sometimes returns too little storage
    #####:  115:	    if (__n > (std::size_t(-1) / sizeof(_Tp)))
    #####:  116:	      std::__throw_bad_array_new_length();
    #####:  117:	    std::__throw_bad_alloc();
        -:  118:	  }
        -:  119:
        -:  120:#if __cpp_aligned_new
        -:  121:	if (alignof(_Tp) > __STDCPP_DEFAULT_NEW_ALIGNMENT__)
        -:  122:	  {
        -:  123:	    std::align_val_t __al = std::align_val_t(alignof(_Tp));
        -:  124:	    return static_cast<_Tp*>(::operator new(__n * sizeof(_Tp), __al));
        -:  125:	  }
        -:  126:#endif
    #####:  127:	return static_cast<_Tp*>(::operator new(__n * sizeof(_Tp)));
        -:  128:      }
------------------
        -:  129:
        -:  130:      // __p is not permitted to be a null pointer.
        -:  131:      void
    2942*:  132:      deallocate(_Tp* __p, size_type __t __attribute__ ((__unused__)))
        -:  133:      {
        -:  134:#if __cpp_aligned_new
        -:  135:	if (alignof(_Tp) > __STDCPP_DEFAULT_NEW_ALIGNMENT__)
        -:  136:	  {
        -:  137:	    ::operator delete(__p,
        -:  138:# if __cpp_sized_deallocation
        -:  139:			      __t * sizeof(_Tp),
        -:  140:# endif
        -:  141:			      std::align_val_t(alignof(_Tp)));
        -:  142:	    return;
        -:  143:	  }
        -:  144:#endif
    2942*:  145:	::operator delete(__p
        -:  146:#if __cpp_sized_deallocation
        -:  147:			  , __t * sizeof(_Tp)
        -:  148:#endif
        -:  149:			 );
    2942*:  150:      }
------------------
_ZN9__gnu_cxx13new_allocatorISt4pairIlSt6vectorINSt7__cxx119sub_matchINS_17__normal_iteratorIPKcNS3_12basic_stringIcSt11char_traitsIcESaIcEEEEEEESaISE_EEEE10deallocateEPSH_m:
    #####:  132:      deallocate(_Tp* __p, size_type __t __attribute__ ((__unused__)))
        -:  133:      {
        -:  134:#if __cpp_aligned_new
        -:  135:	if (alignof(_Tp) > __STDCPP_DEFAULT_NEW_ALIGNMENT__)
        -:  136:	  {
        -:  137:	    ::operator delete(__p,
        -:  138:# if __cpp_sized_deallocation
        -:  139:			      __t * sizeof(_Tp),
        -:  140:# endif
        -:  141:			      std::align_val_t(alignof(_Tp)));
        -:  142:	    return;
        -:  143:	  }
        -:  144:#endif
    #####:  145:	::operator delete(__p
        -:  146:#if __cpp_sized_deallocation
        -:  147:			  , __t * sizeof(_Tp)
        -:  148:#endif
        -:  149:			 );
    #####:  150:      }
------------------
_ZN9__gnu_cxx13new_allocatorImE10deallocateEPmm:
       50:  132:      deallocate(_Tp* __p, size_type __t __attribute__ ((__unused__)))
        -:  133:      {
        -:  134:#if __cpp_aligned_new
        -:  135:	if (alignof(_Tp) > __STDCPP_DEFAULT_NEW_ALIGNMENT__)
        -:  136:	  {
        -:  137:	    ::operator delete(__p,
        -:  138:# if __cpp_sized_deallocation
        -:  139:			      __t * sizeof(_Tp),
        -:  140:# endif
        -:  141:			      std::align_val_t(alignof(_Tp)));
        -:  142:	    return;
        -:  143:	  }
        -:  144:#endif
       50:  145:	::operator delete(__p
        -:  146:#if __cpp_sized_deallocation
        -:  147:			  , __t * sizeof(_Tp)
        -:  148:#endif
        -:  149:			 );
       50:  150:      }
------------------
_ZN9__gnu_cxx13new_allocatorIcE10deallocateEPcm:
    #####:  132:      deallocate(_Tp* __p, size_type __t __attribute__ ((__unused__)))
        -:  133:      {
        -:  134:#if __cpp_aligned_new
        -:  135:	if (alignof(_Tp) > __STDCPP_DEFAULT_NEW_ALIGNMENT__)
        -:  136:	  {
        -:  137:	    ::operator delete(__p,
        -:  138:# if __cpp_sized_deallocation
        -:  139:			      __t * sizeof(_Tp),
        -:  140:# endif
        -:  141:			      std::align_val_t(alignof(_Tp)));
        -:  142:	    return;
        -:  143:	  }
        -:  144:#endif
    #####:  145:	::operator delete(__p
        -:  146:#if __cpp_sized_deallocation
        -:  147:			  , __t * sizeof(_Tp)
        -:  148:#endif
        -:  149:			 );
    #####:  150:      }
------------------
_ZN9__gnu_cxx13new_allocatorIPNSt8__detail15_Hash_node_baseEE10deallocateEPS3_m:
       19:  132:      deallocate(_Tp* __p, size_type __t __attribute__ ((__unused__)))
        -:  133:      {
        -:  134:#if __cpp_aligned_new
        -:  135:	if (alignof(_Tp) > __STDCPP_DEFAULT_NEW_ALIGNMENT__)
        -:  136:	  {
        -:  137:	    ::operator delete(__p,
        -:  138:# if __cpp_sized_deallocation
        -:  139:			      __t * sizeof(_Tp),
        -:  140:# endif
        -:  141:			      std::align_val_t(alignof(_Tp)));
        -:  142:	    return;
        -:  143:	  }
        -:  144:#endif
       19:  145:	::operator delete(__p
        -:  146:#if __cpp_sized_deallocation
        -:  147:			  , __t * sizeof(_Tp)
        -:  148:#endif
        -:  149:			 );
       19:  150:      }
------------------
_ZN9__gnu_cxx13new_allocatorISt13_Rb_tree_nodeIcEE10deallocateEPS2_m:
      133:  132:      deallocate(_Tp* __p, size_type __t __attribute__ ((__unused__)))
        -:  133:      {
        -:  134:#if __cpp_aligned_new
        -:  135:	if (alignof(_Tp) > __STDCPP_DEFAULT_NEW_ALIGNMENT__)
        -:  136:	  {
        -:  137:	    ::operator delete(__p,
        -:  138:# if __cpp_sized_deallocation
        -:  139:			      __t * sizeof(_Tp),
        -:  140:# endif
        -:  141:			      std::align_val_t(alignof(_Tp)));
        -:  142:	    return;
        -:  143:	  }
        -:  144:#endif
      133:  145:	::operator delete(__p
        -:  146:#if __cpp_sized_deallocation
        -:  147:			  , __t * sizeof(_Tp)
        -:  148:#endif
        -:  149:			 );
      133:  150:      }
------------------
_ZN9__gnu_cxx13new_allocatorINSt8__detail10_Hash_nodeISt4pairIKciELb0EEEE10deallocateEPS6_m:
      133:  132:      deallocate(_Tp* __p, size_type __t __attribute__ ((__unused__)))
        -:  133:      {
        -:  134:#if __cpp_aligned_new
        -:  135:	if (alignof(_Tp) > __STDCPP_DEFAULT_NEW_ALIGNMENT__)
        -:  136:	  {
        -:  137:	    ::operator delete(__p,
        -:  138:# if __cpp_sized_deallocation
        -:  139:			      __t * sizeof(_Tp),
        -:  140:# endif
        -:  141:			      std::align_val_t(alignof(_Tp)));
        -:  142:	    return;
        -:  143:	  }
        -:  144:#endif
      133:  145:	::operator delete(__p
        -:  146:#if __cpp_sized_deallocation
        -:  147:			  , __t * sizeof(_Tp)
        -:  148:#endif
        -:  149:			 );
      133:  150:      }
------------------
_ZN9__gnu_cxx13new_allocatorIPNSt8__detail9_StateSeqINSt7__cxx1112regex_traitsIcEEEEE10deallocateEPS7_m:
       25:  132:      deallocate(_Tp* __p, size_type __t __attribute__ ((__unused__)))
        -:  133:      {
        -:  134:#if __cpp_aligned_new
        -:  135:	if (alignof(_Tp) > __STDCPP_DEFAULT_NEW_ALIGNMENT__)
        -:  136:	  {
        -:  137:	    ::operator delete(__p,
        -:  138:# if __cpp_sized_deallocation
        -:  139:			      __t * sizeof(_Tp),
        -:  140:# endif
        -:  141:			      std::align_val_t(alignof(_Tp)));
        -:  142:	    return;
        -:  143:	  }
        -:  144:#endif
       25:  145:	::operator delete(__p
        -:  146:#if __cpp_sized_deallocation
        -:  147:			  , __t * sizeof(_Tp)
        -:  148:#endif
        -:  149:			 );
       25:  150:      }
------------------
_ZN9__gnu_cxx13new_allocatorINSt7__cxx119sub_matchINS_17__normal_iteratorIPKcNS1_12basic_stringIcSt11char_traitsIcESaIcEEEEEEEE10deallocateEPSC_m:
       50:  132:      deallocate(_Tp* __p, size_type __t __attribute__ ((__unused__)))
        -:  133:      {
        -:  134:#if __cpp_aligned_new
        -:  135:	if (alignof(_Tp) > __STDCPP_DEFAULT_NEW_ALIGNMENT__)
        -:  136:	  {
        -:  137:	    ::operator delete(__p,
        -:  138:# if __cpp_sized_deallocation
        -:  139:			      __t * sizeof(_Tp),
        -:  140:# endif
        -:  141:			      std::align_val_t(alignof(_Tp)));
        -:  142:	    return;
        -:  143:	  }
        -:  144:#endif
       50:  145:	::operator delete(__p
        -:  146:#if __cpp_sized_deallocation
        -:  147:			  , __t * sizeof(_Tp)
        -:  148:#endif
        -:  149:			 );
       50:  150:      }
------------------
_ZN9__gnu_cxx13new_allocatorINSt8__detail9_StateSeqINSt7__cxx1112regex_traitsIcEEEEE10deallocateEPS6_m:
       25:  132:      deallocate(_Tp* __p, size_type __t __attribute__ ((__unused__)))
        -:  133:      {
        -:  134:#if __cpp_aligned_new
        -:  135:	if (alignof(_Tp) > __STDCPP_DEFAULT_NEW_ALIGNMENT__)
        -:  136:	  {
        -:  137:	    ::operator delete(__p,
        -:  138:# if __cpp_sized_deallocation
        -:  139:			      __t * sizeof(_Tp),
        -:  140:# endif
        -:  141:			      std::align_val_t(alignof(_Tp)));
        -:  142:	    return;
        -:  143:	  }
        -:  144:#endif
       25:  145:	::operator delete(__p
        -:  146:#if __cpp_sized_deallocation
        -:  147:			  , __t * sizeof(_Tp)
        -:  148:#endif
        -:  149:			 );
       25:  150:      }
------------------
_ZN9__gnu_cxx13new_allocatorISt4pairINS_17__normal_iteratorIPKcNSt7__cxx1112basic_stringIcSt11char_traitsIcESaIcEEEEEiEE10deallocateEPSC_m:
       25:  132:      deallocate(_Tp* __p, size_type __t __attribute__ ((__unused__)))
        -:  133:      {
        -:  134:#if __cpp_aligned_new
        -:  135:	if (alignof(_Tp) > __STDCPP_DEFAULT_NEW_ALIGNMENT__)
        -:  136:	  {
        -:  137:	    ::operator delete(__p,
        -:  138:# if __cpp_sized_deallocation
        -:  139:			      __t * sizeof(_Tp),
        -:  140:# endif
        -:  141:			      std::align_val_t(alignof(_Tp)));
        -:  142:	    return;
        -:  143:	  }
        -:  144:#endif
       25:  145:	::operator delete(__p
        -:  146:#if __cpp_sized_deallocation
        -:  147:			  , __t * sizeof(_Tp)
        -:  148:#endif
        -:  149:			 );
       25:  150:      }
------------------
_ZN9__gnu_cxx13new_allocatorISt13_Rb_tree_nodeISt4pairIKllEEE10deallocateEPS5_m:
      300:  132:      deallocate(_Tp* __p, size_type __t __attribute__ ((__unused__)))
        -:  133:      {
        -:  134:#if __cpp_aligned_new
        -:  135:	if (alignof(_Tp) > __STDCPP_DEFAULT_NEW_ALIGNMENT__)
        -:  136:	  {
        -:  137:	    ::operator delete(__p,
        -:  138:# if __cpp_sized_deallocation
        -:  139:			      __t * sizeof(_Tp),
        -:  140:# endif
        -:  141:			      std::align_val_t(alignof(_Tp)));
        -:  142:	    return;
        -:  143:	  }
        -:  144:#endif
      300:  145:	::operator delete(__p
        -:  146:#if __cpp_sized_deallocation
        -:  147:			  , __t * sizeof(_Tp)
        -:  148:#endif
        -:  149:			 );
      300:  150:      }
------------------
_ZN9__gnu_cxx13new_allocatorISt23_Sp_counted_ptr_inplaceINSt8__detail4_NFAINSt7__cxx1112regex_traitsIcEEEESaIS7_ELNS_12_Lock_policyE2EEE10deallocateEPSA_m:
       25:  132:      deallocate(_Tp* __p, size_type __t __attribute__ ((__unused__)))
        -:  133:      {
        -:  134:#if __cpp_aligned_new
        -:  135:	if (alignof(_Tp) > __STDCPP_DEFAULT_NEW_ALIGNMENT__)
        -:  136:	  {
        -:  137:	    ::operator delete(__p,
        -:  138:# if __cpp_sized_deallocation
        -:  139:			      __t * sizeof(_Tp),
        -:  140:# endif
        -:  141:			      std::align_val_t(alignof(_Tp)));
        -:  142:	    return;
        -:  143:	  }
        -:  144:#endif
       25:  145:	::operator delete(__p
        -:  146:#if __cpp_sized_deallocation
        -:  147:			  , __t * sizeof(_Tp)
        -:  148:#endif
        -:  149:			 );
       25:  150:      }
------------------
_ZN9__gnu_cxx13new_allocatorINSt8__detail6_StateIcEEE10deallocateEPS3_m:
      200:  132:      deallocate(_Tp* __p, size_type __t __attribute__ ((__unused__)))
        -:  133:      {
        -:  134:#if __cpp_aligned_new
        -:  135:	if (alignof(_Tp) > __STDCPP_DEFAULT_NEW_ALIGNMENT__)
        -:  136:	  {
        -:  137:	    ::operator delete(__p,
        -:  138:# if __cpp_sized_deallocation
        -:  139:			      __t * sizeof(_Tp),
        -:  140:# endif
        -:  141:			      std::align_val_t(alignof(_Tp)));
        -:  142:	    return;
        -:  143:	  }
        -:  144:#endif
      200:  145:	::operator delete(__p
        -:  146:#if __cpp_sized_deallocation
        -:  147:			  , __t * sizeof(_Tp)
        -:  148:#endif
        -:  149:			 );
      200:  150:      }
------------------
_ZN9__gnu_cxx13new_allocatorIPlE10deallocateEPS1_m:
      400:  132:      deallocate(_Tp* __p, size_type __t __attribute__ ((__unused__)))
        -:  133:      {
        -:  134:#if __cpp_aligned_new
        -:  135:	if (alignof(_Tp) > __STDCPP_DEFAULT_NEW_ALIGNMENT__)
        -:  136:	  {
        -:  137:	    ::operator delete(__p,
        -:  138:# if __cpp_sized_deallocation
        -:  139:			      __t * sizeof(_Tp),
        -:  140:# endif
        -:  141:			      std::align_val_t(alignof(_Tp)));
        -:  142:	    return;
        -:  143:	  }
        -:  144:#endif
      400:  145:	::operator delete(__p
        -:  146:#if __cpp_sized_deallocation
        -:  147:			  , __t * sizeof(_Tp)
        -:  148:#endif
        -:  149:			 );
      400:  150:      }
------------------
_ZN9__gnu_cxx13new_allocatorINSt7__cxx1112basic_stringIcSt11char_traitsIcESaIcEEEE10deallocateEPS6_m:
     1157:  132:      deallocate(_Tp* __p, size_type __t __attribute__ ((__unused__)))
        -:  133:      {
        -:  134:#if __cpp_aligned_new
        -:  135:	if (alignof(_Tp) > __STDCPP_DEFAULT_NEW_ALIGNMENT__)
        -:  136:	  {
        -:  137:	    ::operator delete(__p,
        -:  138:# if __cpp_sized_deallocation
        -:  139:			      __t * sizeof(_Tp),
        -:  140:# endif
        -:  141:			      std::align_val_t(alignof(_Tp)));
        -:  142:	    return;
        -:  143:	  }
        -:  144:#endif
     1157:  145:	::operator delete(__p
        -:  146:#if __cpp_sized_deallocation
        -:  147:			  , __t * sizeof(_Tp)
        -:  148:#endif
        -:  149:			 );
     1157:  150:      }
------------------
_ZN9__gnu_cxx13new_allocatorISt4pairIccEE10deallocateEPS2_m:
    #####:  132:      deallocate(_Tp* __p, size_type __t __attribute__ ((__unused__)))
        -:  133:      {
        -:  134:#if __cpp_aligned_new
        -:  135:	if (alignof(_Tp) > __STDCPP_DEFAULT_NEW_ALIGNMENT__)
        -:  136:	  {
        -:  137:	    ::operator delete(__p,
        -:  138:# if __cpp_sized_deallocation
        -:  139:			      __t * sizeof(_Tp),
        -:  140:# endif
        -:  141:			      std::align_val_t(alignof(_Tp)));
        -:  142:	    return;
        -:  143:	  }
        -:  144:#endif
    #####:  145:	::operator delete(__p
        -:  146:#if __cpp_sized_deallocation
        -:  147:			  , __t * sizeof(_Tp)
        -:  148:#endif
        -:  149:			 );
    #####:  150:      }
------------------
_ZN9__gnu_cxx13new_allocatorINSt7__cxx1112regex_traitsIcE10_RegexMaskEE10deallocateEPS4_m:
    #####:  132:      deallocate(_Tp* __p, size_type __t __attribute__ ((__unused__)))
        -:  133:      {
        -:  134:#if __cpp_aligned_new
        -:  135:	if (alignof(_Tp) > __STDCPP_DEFAULT_NEW_ALIGNMENT__)
        -:  136:	  {
        -:  137:	    ::operator delete(__p,
        -:  138:# if __cpp_sized_deallocation
        -:  139:			      __t * sizeof(_Tp),
        -:  140:# endif
        -:  141:			      std::align_val_t(alignof(_Tp)));
        -:  142:	    return;
        -:  143:	  }
        -:  144:#endif
    #####:  145:	::operator delete(__p
        -:  146:#if __cpp_sized_deallocation
        -:  147:			  , __t * sizeof(_Tp)
        -:  148:#endif
        -:  149:			 );
    #####:  150:      }
------------------
_ZN9__gnu_cxx13new_allocatorISt4pairINSt7__cxx1112basic_stringIcSt11char_traitsIcESaIcEEES7_EE10deallocateEPS8_m:
    #####:  132:      deallocate(_Tp* __p, size_type __t __attribute__ ((__unused__)))
        -:  133:      {
        -:  134:#if __cpp_aligned_new
        -:  135:	if (alignof(_Tp) > __STDCPP_DEFAULT_NEW_ALIGNMENT__)
        -:  136:	  {
        -:  137:	    ::operator delete(__p,
        -:  138:# if __cpp_sized_deallocation
        -:  139:			      __t * sizeof(_Tp),
        -:  140:# endif
        -:  141:			      std::align_val_t(alignof(_Tp)));
        -:  142:	    return;
        -:  143:	  }
        -:  144:#endif
    #####:  145:	::operator delete(__p
        -:  146:#if __cpp_sized_deallocation
        -:  147:			  , __t * sizeof(_Tp)
        -:  148:#endif
        -:  149:			 );
    #####:  150:      }
------------------
_ZN9__gnu_cxx13new_allocatorIlE10deallocateEPlm:
      400:  132:      deallocate(_Tp* __p, size_type __t __attribute__ ((__unused__)))
        -:  133:      {
        -:  134:#if __cpp_aligned_new
        -:  135:	if (alignof(_Tp) > __STDCPP_DEFAULT_NEW_ALIGNMENT__)
        -:  136:	  {
        -:  137:	    ::operator delete(__p,
        -:  138:# if __cpp_sized_deallocation
        -:  139:			      __t * sizeof(_Tp),
        -:  140:# endif
        -:  141:			      std::align_val_t(alignof(_Tp)));
        -:  142:	    return;
        -:  143:	  }
        -:  144:#endif
      400:  145:	::operator delete(__p
        -:  146:#if __cpp_sized_deallocation
        -:  147:			  , __t * sizeof(_Tp)
        -:  148:#endif
        -:  149:			 );
      400:  150:      }
------------------
        -:  151:
        -:  152:#if __cplusplus <= 201703L
        -:  153:      size_type
     669*:  154:      max_size() const _GLIBCXX_USE_NOEXCEPT
     669*:  155:      { return _M_max_size(); }
------------------
_ZNK9__gnu_cxx13new_allocatorISt4pairINSt7__cxx1112basic_stringIcSt11char_traitsIcESaIcEEES7_EE8max_sizeEv:
    #####:  154:      max_size() const _GLIBCXX_USE_NOEXCEPT
    #####:  155:      { return _M_max_size(); }
------------------
_ZNK9__gnu_cxx13new_allocatorISt4pairIccEE8max_sizeEv:
    #####:  154:      max_size() const _GLIBCXX_USE_NOEXCEPT
    #####:  155:      { return _M_max_size(); }
------------------
_ZNK9__gnu_cxx13new_allocatorINSt7__cxx1112basic_stringIcSt11char_traitsIcESaIcEEEE8max_sizeEv:
      119:  154:      max_size() const _GLIBCXX_USE_NOEXCEPT
      119:  155:      { return _M_max_size(); }
------------------
_ZNK9__gnu_cxx13new_allocatorINSt7__cxx1112regex_traitsIcE10_RegexMaskEE8max_sizeEv:
    #####:  154:      max_size() const _GLIBCXX_USE_NOEXCEPT
    #####:  155:      { return _M_max_size(); }
------------------
_ZNK9__gnu_cxx13new_allocatorISt4pairIlSt6vectorINSt7__cxx119sub_matchINS_17__normal_iteratorIPKcNS3_12basic_stringIcSt11char_traitsIcESaIcEEEEEEESaISE_EEEE8max_sizeEv:
    #####:  154:      max_size() const _GLIBCXX_USE_NOEXCEPT
    #####:  155:      { return _M_max_size(); }
------------------
_ZNK9__gnu_cxx13new_allocatorIlE8max_sizeEv:
    #####:  154:      max_size() const _GLIBCXX_USE_NOEXCEPT
    #####:  155:      { return _M_max_size(); }
------------------
_ZNK9__gnu_cxx13new_allocatorINSt8__detail6_StateIcEEE8max_sizeEv:
      400:  154:      max_size() const _GLIBCXX_USE_NOEXCEPT
      400:  155:      { return _M_max_size(); }
------------------
_ZNK9__gnu_cxx13new_allocatorINSt7__cxx119sub_matchINS_17__normal_iteratorIPKcNS1_12basic_stringIcSt11char_traitsIcESaIcEEEEEEEE8max_sizeEv:
       25:  154:      max_size() const _GLIBCXX_USE_NOEXCEPT
       25:  155:      { return _M_max_size(); }
------------------
_ZNK9__gnu_cxx13new_allocatorINSt8__detail9_StateSeqINSt7__cxx1112regex_traitsIcEEEEE8max_sizeEv:
    #####:  154:      max_size() const _GLIBCXX_USE_NOEXCEPT
    #####:  155:      { return _M_max_size(); }
------------------
_ZNK9__gnu_cxx13new_allocatorImE8max_sizeEv:
      100:  154:      max_size() const _GLIBCXX_USE_NOEXCEPT
      100:  155:      { return _M_max_size(); }
------------------
_ZNK9__gnu_cxx13new_allocatorISt4pairINS_17__normal_iteratorIPKcNSt7__cxx1112basic_stringIcSt11char_traitsIcESaIcEEEEEiEE8max_sizeEv:
       25:  154:      max_size() const _GLIBCXX_USE_NOEXCEPT
       25:  155:      { return _M_max_size(); }
------------------
_ZNK9__gnu_cxx13new_allocatorIcE8max_sizeEv:
    #####:  154:      max_size() const _GLIBCXX_USE_NOEXCEPT
    #####:  155:      { return _M_max_size(); }
------------------
        -:  156:
        -:  157:#if __cplusplus >= 201103L
        -:  158:      template<typename _Up, typename... _Args>
        -:  159:	void
    8571*:  160:	construct(_Up* __p, _Args&&... __args)
        -:  161:	noexcept(std::is_nothrow_constructible<_Up, _Args...>::value)
    8571*:  162:	{ ::new((void *)__p) _Up(std::forward<_Args>(__args)...); }
------------------
_ZN9__gnu_cxx13new_allocatorISt4pairIlSt6vectorINSt7__cxx119sub_matchINS_17__normal_iteratorIPKcNS3_12basic_stringIcSt11char_traitsIcESaIcEEEEEEESaISE_EEEE9constructISH_JRlRKSG_EEEvPT_DpOT0_:
    #####:  160:	construct(_Up* __p, _Args&&... __args)
        -:  161:	noexcept(std::is_nothrow_constructible<_Up, _Args...>::value)
    #####:  162:	{ ::new((void *)__p) _Up(std::forward<_Args>(__args)...); }
------------------
_ZN9__gnu_cxx13new_allocatorINSt8__detail10_Hash_nodeISt4pairIKciELb0EEEE9constructIS5_JRKSt21piecewise_construct_tSt5tupleIJRS4_EESC_IJEEEEEvPT_DpOT0_:
    #####:  160:	construct(_Up* __p, _Args&&... __args)
        -:  161:	noexcept(std::is_nothrow_constructible<_Up, _Args...>::value)
    #####:  162:	{ ::new((void *)__p) _Up(std::forward<_Args>(__args)...); }
------------------
_ZN9__gnu_cxx13new_allocatorImE9constructImJRKmEEEvPT_DpOT0_:
      100:  160:	construct(_Up* __p, _Args&&... __args)
        -:  161:	noexcept(std::is_nothrow_constructible<_Up, _Args...>::value)
      100:  162:	{ ::new((void *)__p) _Up(std::forward<_Args>(__args)...); }
------------------
_ZN9__gnu_cxx13new_allocatorINSt8__detail6_StateIcEEE9constructIS3_JS3_EEEvPT_DpOT0_:
     5425:  160:	construct(_Up* __p, _Args&&... __args)
        -:  161:	noexcept(std::is_nothrow_constructible<_Up, _Args...>::value)
     5425:  162:	{ ::new((void *)__p) _Up(std::forward<_Args>(__args)...); }
------------------
_ZN9__gnu_cxx13new_allocatorINSt8__detail9_StateSeqINSt7__cxx1112regex_traitsIcEEEEE9constructIS6_JRKS6_EEEvPT_DpOT0_:
      850:  160:	construct(_Up* __p, _Args&&... __args)
        -:  161:	noexcept(std::is_nothrow_constructible<_Up, _Args...>::value)
      850:  162:	{ ::new((void *)__p) _Up(std::forward<_Args>(__args)...); }
------------------
_ZN9__gnu_cxx13new_allocatorINSt8__detail9_StateSeqINSt7__cxx1112regex_traitsIcEEEEE9constructIS6_JS6_EEEvPT_DpOT0_:
      925:  160:	construct(_Up* __p, _Args&&... __args)
        -:  161:	noexcept(std::is_nothrow_constructible<_Up, _Args...>::value)
      925:  162:	{ ::new((void *)__p) _Up(std::forward<_Args>(__args)...); }
------------------
_ZN9__gnu_cxx13new_allocatorINSt8__detail10_Hash_nodeISt4pairIKciELb0EEEE9constructIS5_JRKS5_EEEvPT_DpOT0_:
      133:  160:	construct(_Up* __p, _Args&&... __args)
        -:  161:	noexcept(std::is_nothrow_constructible<_Up, _Args...>::value)
      133:  162:	{ ::new((void *)__p) _Up(std::forward<_Args>(__args)...); }
------------------
_ZN9__gnu_cxx13new_allocatorISt13_Rb_tree_nodeIcEE9constructIcJRKcEEEvPT_DpOT0_:
      133:  160:	construct(_Up* __p, _Args&&... __args)
        -:  161:	noexcept(std::is_nothrow_constructible<_Up, _Args...>::value)
      133:  162:	{ ::new((void *)__p) _Up(std::forward<_Args>(__args)...); }
------------------
_ZN9__gnu_cxx13new_allocatorINSt8__detail4_NFAINSt7__cxx1112regex_traitsIcEEEEE9constructIS6_JRKSt6localeRNSt15regex_constants18syntax_option_typeEEEEvPT_DpOT0_:
       25:  160:	construct(_Up* __p, _Args&&... __args)
        -:  161:	noexcept(std::is_nothrow_constructible<_Up, _Args...>::value)
       25:  162:	{ ::new((void *)__p) _Up(std::forward<_Args>(__args)...); }
------------------
_ZN9__gnu_cxx13new_allocatorIlE9constructIlJRKlEEEvPT_DpOT0_:
      600:  160:	construct(_Up* __p, _Args&&... __args)
        -:  161:	noexcept(std::is_nothrow_constructible<_Up, _Args...>::value)
      600:  162:	{ ::new((void *)__p) _Up(std::forward<_Args>(__args)...); }
------------------
_ZN9__gnu_cxx13new_allocatorINSt7__cxx1112basic_stringIcSt11char_traitsIcESaIcEEEE9constructIS6_JS6_EEEvPT_DpOT0_:
       21:  160:	construct(_Up* __p, _Args&&... __args)
        -:  161:	noexcept(std::is_nothrow_constructible<_Up, _Args...>::value)
       21:  162:	{ ::new((void *)__p) _Up(std::forward<_Args>(__args)...); }
------------------
_ZN9__gnu_cxx13new_allocatorINSt7__cxx1112regex_traitsIcE10_RegexMaskEE9constructIS4_JRKS4_EEEvPT_DpOT0_:
    #####:  160:	construct(_Up* __p, _Args&&... __args)
        -:  161:	noexcept(std::is_nothrow_constructible<_Up, _Args...>::value)
    #####:  162:	{ ::new((void *)__p) _Up(std::forward<_Args>(__args)...); }
------------------
_ZN9__gnu_cxx13new_allocatorINSt7__cxx1112basic_stringIcSt11char_traitsIcESaIcEEEE9constructIS6_JRKS6_EEEvPT_DpOT0_:
       59:  160:	construct(_Up* __p, _Args&&... __args)
        -:  161:	noexcept(std::is_nothrow_constructible<_Up, _Args...>::value)
       59:  162:	{ ::new((void *)__p) _Up(std::forward<_Args>(__args)...); }
------------------
_ZN9__gnu_cxx13new_allocatorIcE9constructIcJcEEEvPT_DpOT0_:
    #####:  160:	construct(_Up* __p, _Args&&... __args)
        -:  161:	noexcept(std::is_nothrow_constructible<_Up, _Args...>::value)
    #####:  162:	{ ::new((void *)__p) _Up(std::forward<_Args>(__args)...); }
------------------
_ZN9__gnu_cxx13new_allocatorISt13_Rb_tree_nodeISt4pairIKllEEE9constructIS4_JRKSt21piecewise_construct_tSt5tupleIJRS3_EESB_IJEEEEEvPT_DpOT0_:
      300:  160:	construct(_Up* __p, _Args&&... __args)
        -:  161:	noexcept(std::is_nothrow_constructible<_Up, _Args...>::value)
      300:  162:	{ ::new((void *)__p) _Up(std::forward<_Args>(__args)...); }
------------------
_ZN9__gnu_cxx13new_allocatorISt4pairIccEE9constructIS2_JS2_EEEvPT_DpOT0_:
    #####:  160:	construct(_Up* __p, _Args&&... __args)
        -:  161:	noexcept(std::is_nothrow_constructible<_Up, _Args...>::value)
    #####:  162:	{ ::new((void *)__p) _Up(std::forward<_Args>(__args)...); }
------------------
_ZN9__gnu_cxx13new_allocatorISt4pairINSt7__cxx1112basic_stringIcSt11char_traitsIcESaIcEEES7_EE9constructIS8_JS8_EEEvPT_DpOT0_:
    #####:  160:	construct(_Up* __p, _Args&&... __args)
        -:  161:	noexcept(std::is_nothrow_constructible<_Up, _Args...>::value)
    #####:  162:	{ ::new((void *)__p) _Up(std::forward<_Args>(__args)...); }
------------------
_ZN9__gnu_cxx13new_allocatorISt4pairIlSt6vectorINSt7__cxx119sub_matchINS_17__normal_iteratorIPKcNS3_12basic_stringIcSt11char_traitsIcESaIcEEEEEEESaISE_EEEE9constructISH_JSH_EEEvPT_DpOT0_:
    #####:  160:	construct(_Up* __p, _Args&&... __args)
        -:  161:	noexcept(std::is_nothrow_constructible<_Up, _Args...>::value)
    #####:  162:	{ ::new((void *)__p) _Up(std::forward<_Args>(__args)...); }
------------------
_ZN9__gnu_cxx13new_allocatorINSt7__cxx1112regex_traitsIcE10_RegexMaskEE9constructIS4_JS4_EEEvPT_DpOT0_:
    #####:  160:	construct(_Up* __p, _Args&&... __args)
        -:  161:	noexcept(std::is_nothrow_constructible<_Up, _Args...>::value)
    #####:  162:	{ ::new((void *)__p) _Up(std::forward<_Args>(__args)...); }
------------------
        -:  163:
        -:  164:      template<typename _Up>
        -:  165:	void
    6265*:  166:	destroy(_Up* __p)
        -:  167:	noexcept(std::is_nothrow_destructible<_Up>::value)
    6265*:  168:	{ __p->~_Up(); }
------------------
_ZN9__gnu_cxx13new_allocatorINSt8__detail4_NFAINSt7__cxx1112regex_traitsIcEEEEE7destroyIS6_EEvPT_:
       25:  166:	destroy(_Up* __p)
        -:  167:	noexcept(std::is_nothrow_destructible<_Up>::value)
       25:  168:	{ __p->~_Up(); }
------------------
_ZN9__gnu_cxx13new_allocatorISt4pairINSt7__cxx1112basic_stringIcSt11char_traitsIcESaIcEEES7_EE7destroyIS8_EEvPT_:
    #####:  166:	destroy(_Up* __p)
        -:  167:	noexcept(std::is_nothrow_destructible<_Up>::value)
    #####:  168:	{ __p->~_Up(); }
------------------
_ZN9__gnu_cxx13new_allocatorISt4pairIccEE7destroyIS2_EEvPT_:
    #####:  166:	destroy(_Up* __p)
        -:  167:	noexcept(std::is_nothrow_destructible<_Up>::value)
    #####:  168:	{ __p->~_Up(); }
------------------
_ZN9__gnu_cxx13new_allocatorIcE7destroyIcEEvPT_:
    #####:  166:	destroy(_Up* __p)
        -:  167:	noexcept(std::is_nothrow_destructible<_Up>::value)
    #####:  168:	{ __p->~_Up(); }
------------------
_ZN9__gnu_cxx13new_allocatorINSt7__cxx1112basic_stringIcSt11char_traitsIcESaIcEEEE7destroyIS6_EEvPT_:
       24:  166:	destroy(_Up* __p)
        -:  167:	noexcept(std::is_nothrow_destructible<_Up>::value)
       24:  168:	{ __p->~_Up(); }
------------------
_ZN9__gnu_cxx13new_allocatorISt13_Rb_tree_nodeISt4pairIKllEEE7destroyIS4_EEvPT_:
      300:  166:	destroy(_Up* __p)
        -:  167:	noexcept(std::is_nothrow_destructible<_Up>::value)
      300:  168:	{ __p->~_Up(); }
------------------
_ZN9__gnu_cxx13new_allocatorINSt7__cxx1112regex_traitsIcE10_RegexMaskEE7destroyIS4_EEvPT_:
    #####:  166:	destroy(_Up* __p)
        -:  167:	noexcept(std::is_nothrow_destructible<_Up>::value)
    #####:  168:	{ __p->~_Up(); }
------------------
_ZN9__gnu_cxx13new_allocatorISt4pairIlSt6vectorINSt7__cxx119sub_matchINS_17__normal_iteratorIPKcNS3_12basic_stringIcSt11char_traitsIcESaIcEEEEEEESaISE_EEEE7destroyISH_EEvPT_:
    #####:  166:	destroy(_Up* __p)
        -:  167:	noexcept(std::is_nothrow_destructible<_Up>::value)
    #####:  168:	{ __p->~_Up(); }
------------------
_ZN9__gnu_cxx13new_allocatorIlE7destroyIlEEvPT_:
      600:  166:	destroy(_Up* __p)
        -:  167:	noexcept(std::is_nothrow_destructible<_Up>::value)
      600:  168:	{ __p->~_Up(); }
------------------
_ZN9__gnu_cxx13new_allocatorINSt8__detail6_StateIcEEE7destroyIS3_EEvPT_:
     3175:  166:	destroy(_Up* __p)
        -:  167:	noexcept(std::is_nothrow_destructible<_Up>::value)
     3175:  168:	{ __p->~_Up(); }
------------------
_ZN9__gnu_cxx13new_allocatorINSt8__detail9_StateSeqINSt7__cxx1112regex_traitsIcEEEEE7destroyIS6_EEvPT_:
     1775:  166:	destroy(_Up* __p)
        -:  167:	noexcept(std::is_nothrow_destructible<_Up>::value)
     1775:  168:	{ __p->~_Up(); }
------------------
_ZN9__gnu_cxx13new_allocatorImE7destroyImEEvPT_:
      100:  166:	destroy(_Up* __p)
        -:  167:	noexcept(std::is_nothrow_destructible<_Up>::value)
      100:  168:	{ __p->~_Up(); }
------------------
_ZN9__gnu_cxx13new_allocatorISt13_Rb_tree_nodeIcEE7destroyIcEEvPT_:
      133:  166:	destroy(_Up* __p)
        -:  167:	noexcept(std::is_nothrow_destructible<_Up>::value)
      133:  168:	{ __p->~_Up(); }
------------------
_ZN9__gnu_cxx13new_allocatorINSt8__detail10_Hash_nodeISt4pairIKciELb0EEEE7destroyIS5_EEvPT_:
      133:  166:	destroy(_Up* __p)
        -:  167:	noexcept(std::is_nothrow_destructible<_Up>::value)
      133:  168:	{ __p->~_Up(); }
------------------
        -:  169:#else
        -:  170:      // _GLIBCXX_RESOLVE_LIB_DEFECTS
        -:  171:      // 402. wrong new expression in [some_] allocator::construct
        -:  172:      void
        -:  173:      construct(pointer __p, const _Tp& __val)
        -:  174:      { ::new((void *)__p) _Tp(__val); }
        -:  175:
        -:  176:      void
        -:  177:      destroy(pointer __p) { __p->~_Tp(); }
        -:  178:#endif
        -:  179:#endif // ! C++20
        -:  180:
        -:  181:      template<typename _Up>
        -:  182:	friend _GLIBCXX20_CONSTEXPR bool
        -:  183:	operator==(const new_allocator&, const new_allocator<_Up>&)
        -:  184:	_GLIBCXX_NOTHROW
        -:  185:	{ return true; }
        -:  186:
        -:  187:#if __cpp_impl_three_way_comparison < 201907L
        -:  188:      template<typename _Up>
        -:  189:	friend _GLIBCXX20_CONSTEXPR bool
        -:  190:	operator!=(const new_allocator&, const new_allocator<_Up>&)
        -:  191:	_GLIBCXX_NOTHROW
        -:  192:	{ return false; }
        -:  193:#endif
        -:  194:
        -:  195:    private:
        -:  196:      _GLIBCXX_CONSTEXPR size_type
    3611*:  197:      _M_max_size() const _GLIBCXX_USE_NOEXCEPT
        -:  198:      {
        -:  199:#if __PTRDIFF_MAX__ < __SIZE_MAX__
    3611*:  200:	return std::size_t(__PTRDIFF_MAX__) / sizeof(_Tp);
        -:  201:#else
        -:  202:	return std::size_t(-1) / sizeof(_Tp);
        -:  203:#endif
        -:  204:      }
        -:  205:    };
        -:  206:
        -:  207:_GLIBCXX_END_NAMESPACE_VERSION
        -:  208:} // namespace
        -:  209:
        -:  210:#endif
